0 verbose cli /opt/homebrew/Cellar/node/21.2.0/bin/node /opt/homebrew/bin/npm
1 info using npm@10.2.3
2 info using node@v21.2.0
3 timing npm:load:whichnode Completed in 1ms
4 timing config:load:defaults Completed in 1ms
5 timing config:load:file:/opt/homebrew/lib/node_modules/npm/npmrc Completed in 0ms
6 timing config:load:builtin Completed in 0ms
7 timing config:load:cli Completed in 0ms
8 timing config:load:env Completed in 1ms
9 timing config:load:file:/Users/prajaktakumbhar/dashboard/.npmrc Completed in 0ms
10 timing config:load:project Completed in 1ms
11 timing config:load:file:/Users/prajaktakumbhar/.npmrc Completed in 1ms
12 timing config:load:user Completed in 1ms
13 timing config:load:file:/opt/homebrew/etc/npmrc Completed in 0ms
14 timing config:load:global Completed in 0ms
15 timing config:load:setEnvs Completed in 0ms
16 timing config:load Completed in 5ms
17 timing npm:load:configload Completed in 5ms
18 timing config:load:flatten Completed in 1ms
19 timing npm:load:mkdirpcache Completed in 0ms
20 timing npm:load:mkdirplogs Completed in 0ms
21 verbose title npm install mapbox-gl
22 verbose argv "install" "mapbox-gl"
23 timing npm:load:setTitle Completed in 2ms
24 timing npm:load:display Completed in 1ms
25 verbose logfile logs-max:10 dir:/Users/prajaktakumbhar/dashboard/clean/_logs/2024-03-13T23_57_14_788Z-
26 verbose logfile /Users/prajaktakumbhar/dashboard/clean/_logs/2024-03-13T23_57_14_788Z-debug-0.log
27 timing npm:load:logFile Completed in 4ms
28 timing npm:load:timers Completed in 0ms
29 timing npm:load:configScope Completed in 0ms
30 timing npm:load Completed in 23ms
31 timing arborist:ctor Completed in 0ms
32 silly logfile done cleaning log files
33 timing idealTree:init Completed in 299ms
34 timing idealTree:userRequests Completed in 1ms
35 silly idealTree buildDeps
36 silly fetch manifest mapbox-gl@*
37 verbose shrinkwrap failed to load node_modules/.package-lock.json out of date, updated: node_modules
38 http fetch GET 200 https://registry.npmjs.org/mapbox-gl 464ms (cache miss)
39 silly placeDep ROOT mapbox-gl@3.2.0 OK for: dashboard@0.1.0 want: *
40 silly fetch manifest @mapbox/geojson-rewind@^0.5.2
41 silly fetch manifest @mapbox/jsonlint-lines-primitives@^2.0.2
42 silly fetch manifest @mapbox/mapbox-gl-supported@^3.0.0
43 silly fetch manifest @mapbox/point-geometry@^0.1.0
44 silly fetch manifest @mapbox/tiny-sdf@^2.0.6
45 silly fetch manifest @mapbox/unitbezier@^0.0.1
46 silly fetch manifest @mapbox/vector-tile@^1.3.1
47 silly fetch manifest @mapbox/whoots-js@^3.1.0
48 silly fetch manifest cheap-ruler@^3.0.1
49 silly fetch manifest csscolorparser@~1.0.3
50 silly fetch manifest earcut@^2.2.4
51 silly fetch manifest geojson-vt@^3.2.1
52 silly fetch manifest gl-matrix@^3.4.3
53 silly fetch manifest grid-index@^1.1.0
54 silly fetch manifest kdbush@^4.0.1
55 silly fetch manifest lodash.clonedeep@^4.5.0
56 silly fetch manifest murmurhash-js@^1.0.0
57 silly fetch manifest pbf@^3.2.1
58 silly fetch manifest potpack@^2.0.0
59 silly fetch manifest quickselect@^2.0.0
60 silly fetch manifest rw@^1.3.3
61 silly fetch manifest serialize-to-js@^3.1.2
62 silly fetch manifest supercluster@^8.0.0
63 silly fetch manifest tinyqueue@^2.0.3
64 silly fetch manifest tweakpane@^4.0.3
65 silly fetch manifest vt-pbf@^3.1.3
66 http fetch GET 200 https://registry.npmjs.org/@mapbox%2fgeojson-rewind 86ms (cache miss)
67 http fetch GET 200 https://registry.npmjs.org/kdbush 177ms (cache miss)
68 http fetch GET 200 https://registry.npmjs.org/tinyqueue 185ms (cache miss)
69 http fetch GET 200 https://registry.npmjs.org/gl-matrix 187ms (cache miss)
70 http fetch GET 200 https://registry.npmjs.org/earcut 196ms (cache miss)
71 http fetch GET 200 https://registry.npmjs.org/@mapbox%2funitbezier 204ms (cache miss)
72 http fetch GET 200 https://registry.npmjs.org/csscolorparser 203ms (cache miss)
73 http fetch GET 200 https://registry.npmjs.org/@mapbox%2fpoint-geometry 205ms (cache miss)
74 http fetch GET 200 https://registry.npmjs.org/cheap-ruler 204ms (cache miss)
75 http fetch GET 200 https://registry.npmjs.org/@mapbox%2fjsonlint-lines-primitives 206ms (cache miss)
76 http fetch GET 200 https://registry.npmjs.org/lodash.clonedeep 204ms (cache miss)
77 http fetch GET 200 https://registry.npmjs.org/grid-index 205ms (cache miss)
78 http fetch GET 200 https://registry.npmjs.org/@mapbox%2fmapbox-gl-supported 207ms (cache miss)
79 http fetch GET 200 https://registry.npmjs.org/@mapbox%2fvector-tile 206ms (cache miss)
80 http fetch GET 200 https://registry.npmjs.org/quickselect 204ms (cache miss)
81 http fetch GET 200 https://registry.npmjs.org/geojson-vt 205ms (cache miss)
82 http fetch GET 200 https://registry.npmjs.org/potpack 206ms (cache miss)
83 http fetch GET 200 https://registry.npmjs.org/rw 207ms (cache miss)
84 http fetch GET 200 https://registry.npmjs.org/supercluster 209ms (cache miss)
85 http fetch GET 200 https://registry.npmjs.org/murmurhash-js 209ms (cache miss)
86 http fetch GET 200 https://registry.npmjs.org/vt-pbf 209ms (cache miss)
87 http fetch GET 200 https://registry.npmjs.org/pbf 210ms (cache miss)
88 http fetch GET 200 https://registry.npmjs.org/@mapbox%2ftiny-sdf 213ms (cache miss)
89 http fetch GET 200 https://registry.npmjs.org/@mapbox%2fwhoots-js 212ms (cache miss)
90 http fetch GET 200 https://registry.npmjs.org/tweakpane 278ms (cache miss)
91 http fetch GET 200 https://registry.npmjs.org/serialize-to-js 416ms (cache miss)
92 timing idealTree:#root Completed in 894ms
93 silly placeDep ROOT @mapbox/geojson-rewind@0.5.2 OK for: mapbox-gl@3.2.0 want: ^0.5.2
94 silly placeDep ROOT @mapbox/jsonlint-lines-primitives@2.0.2 OK for: mapbox-gl@3.2.0 want: ^2.0.2
95 silly placeDep ROOT @mapbox/mapbox-gl-supported@3.0.0 OK for: mapbox-gl@3.2.0 want: ^3.0.0
96 silly placeDep ROOT @mapbox/point-geometry@0.1.0 OK for: mapbox-gl@3.2.0 want: ^0.1.0
97 silly placeDep ROOT @mapbox/tiny-sdf@2.0.6 OK for: mapbox-gl@3.2.0 want: ^2.0.6
98 silly placeDep ROOT @mapbox/unitbezier@0.0.1 OK for: mapbox-gl@3.2.0 want: ^0.0.1
99 silly placeDep ROOT @mapbox/vector-tile@1.3.1 OK for: mapbox-gl@3.2.0 want: ^1.3.1
100 silly placeDep ROOT @mapbox/whoots-js@3.1.0 OK for: mapbox-gl@3.2.0 want: ^3.1.0
101 silly placeDep ROOT cheap-ruler@3.0.2 OK for: mapbox-gl@3.2.0 want: ^3.0.1
102 silly placeDep ROOT csscolorparser@1.0.3 OK for: mapbox-gl@3.2.0 want: ~1.0.3
103 silly placeDep ROOT earcut@2.2.4 OK for: mapbox-gl@3.2.0 want: ^2.2.4
104 silly placeDep ROOT geojson-vt@3.2.1 OK for: mapbox-gl@3.2.0 want: ^3.2.1
105 silly placeDep ROOT gl-matrix@3.4.3 OK for: mapbox-gl@3.2.0 want: ^3.4.3
106 silly placeDep ROOT grid-index@1.1.0 OK for: mapbox-gl@3.2.0 want: ^1.1.0
107 silly placeDep ROOT kdbush@4.0.2 OK for: mapbox-gl@3.2.0 want: ^4.0.1
108 silly placeDep ROOT lodash.clonedeep@4.5.0 OK for: mapbox-gl@3.2.0 want: ^4.5.0
109 silly placeDep ROOT murmurhash-js@1.0.0 OK for: mapbox-gl@3.2.0 want: ^1.0.0
110 silly placeDep ROOT pbf@3.2.1 OK for: mapbox-gl@3.2.0 want: ^3.2.1
111 silly fetch manifest ieee754@^1.1.12
112 silly fetch manifest resolve-protobuf-schema@^2.1.0
113 silly placeDep ROOT potpack@2.0.0 OK for: mapbox-gl@3.2.0 want: ^2.0.0
114 silly placeDep ROOT quickselect@2.0.0 OK for: mapbox-gl@3.2.0 want: ^2.0.0
115 silly placeDep ROOT rw@1.3.3 OK for: mapbox-gl@3.2.0 want: ^1.3.3
116 silly placeDep ROOT serialize-to-js@3.1.2 OK for: mapbox-gl@3.2.0 want: ^3.1.2
117 silly placeDep ROOT supercluster@8.0.1 OK for: mapbox-gl@3.2.0 want: ^8.0.0
118 silly placeDep ROOT tinyqueue@2.0.3 OK for: mapbox-gl@3.2.0 want: ^2.0.3
119 silly placeDep ROOT tweakpane@4.0.3 OK for: mapbox-gl@3.2.0 want: ^4.0.3
120 silly placeDep ROOT vt-pbf@3.1.3 OK for: mapbox-gl@3.2.0 want: ^3.1.3
121 http fetch GET 200 https://registry.npmjs.org/ieee754 54ms (cache miss)
122 http fetch GET 200 https://registry.npmjs.org/resolve-protobuf-schema 62ms (cache miss)
123 timing idealTree:node_modules/mapbox-gl Completed in 88ms
124 timing idealTree:node_modules/@mapbox/geojson-rewind Completed in 0ms
125 timing idealTree:node_modules/@mapbox/jsonlint-lines-primitives Completed in 0ms
126 timing idealTree:node_modules/@mapbox/mapbox-gl-supported Completed in 0ms
127 timing idealTree:node_modules/@mapbox/point-geometry Completed in 0ms
128 timing idealTree:node_modules/@mapbox/tiny-sdf Completed in 0ms
129 timing idealTree:node_modules/@mapbox/unitbezier Completed in 0ms
130 timing idealTree:node_modules/@mapbox/vector-tile Completed in 0ms
131 timing idealTree:node_modules/@mapbox/whoots-js Completed in 0ms
132 timing idealTree:node_modules/cheap-ruler Completed in 0ms
133 timing idealTree:node_modules/csscolorparser Completed in 0ms
134 timing idealTree:node_modules/earcut Completed in 0ms
135 timing idealTree:node_modules/geojson-vt Completed in 0ms
136 timing idealTree:node_modules/gl-matrix Completed in 0ms
137 timing idealTree:node_modules/grid-index Completed in 0ms
138 timing idealTree:node_modules/kdbush Completed in 0ms
139 timing idealTree:node_modules/lodash.clonedeep Completed in 0ms
140 timing idealTree:node_modules/murmurhash-js Completed in 0ms
141 silly placeDep ROOT ieee754@1.2.1 OK for: pbf@3.2.1 want: ^1.1.12
142 silly placeDep ROOT resolve-protobuf-schema@2.1.0 OK for: pbf@3.2.1 want: ^2.1.0
143 silly fetch manifest protocol-buffers-schema@^3.3.1
144 http fetch GET 200 https://registry.npmjs.org/protocol-buffers-schema 54ms (cache miss)
145 timing idealTree:node_modules/pbf Completed in 56ms
146 timing idealTree:node_modules/ieee754 Completed in 0ms
147 timing idealTree:node_modules/potpack Completed in 0ms
148 timing idealTree:node_modules/quickselect Completed in 0ms
149 silly placeDep ROOT protocol-buffers-schema@3.6.0 OK for: resolve-protobuf-schema@2.1.0 want: ^3.3.1
150 timing idealTree:node_modules/resolve-protobuf-schema Completed in 2ms
151 timing idealTree:node_modules/protocol-buffers-schema Completed in 0ms
152 timing idealTree:node_modules/rw Completed in 0ms
153 timing idealTree:node_modules/serialize-to-js Completed in 0ms
154 timing idealTree:node_modules/supercluster Completed in 0ms
155 timing idealTree:node_modules/tinyqueue Completed in 0ms
156 timing idealTree:node_modules/tweakpane Completed in 0ms
157 timing idealTree:node_modules/vt-pbf Completed in 0ms
158 timing idealTree:buildDeps Completed in 1042ms
159 timing idealTree:fixDepFlags Completed in 6ms
160 timing idealTree Completed in 1355ms
161 timing reify:loadTrees Completed in 1357ms
162 timing reify:diffTrees Completed in 13ms
163 silly reify moves {}
164 timing reify:retireShallow Completed in 1ms
165 timing reify:createSparse Completed in 2ms
166 timing reify:loadBundles Completed in 0ms
167 silly audit bulk request {
167 silly audit   '@aashutoshrathi/word-wrap': [ '1.2.6' ],
167 silly audit   '@adobe/css-tools': [ '4.3.3' ],
167 silly audit   '@alloc/quick-lru': [ '5.2.0' ],
167 silly audit   '@ampproject/remapping': [ '2.3.0' ],
167 silly audit   '@babel/code-frame': [ '7.23.5' ],
167 silly audit   '@babel/compat-data': [ '7.23.5' ],
167 silly audit   '@babel/core': [ '7.24.0' ],
167 silly audit   semver: [ '6.3.1', '7.6.0' ],
167 silly audit   '@babel/eslint-parser': [ '7.23.10' ],
167 silly audit   'eslint-visitor-keys': [ '2.1.0', '3.4.3' ],
167 silly audit   '@babel/generator': [ '7.23.6' ],
167 silly audit   '@babel/helper-annotate-as-pure': [ '7.22.5' ],
167 silly audit   '@babel/helper-builder-binary-assignment-operator-visitor': [ '7.22.15' ],
167 silly audit   '@babel/helper-compilation-targets': [ '7.23.6' ],
167 silly audit   '@babel/helper-create-class-features-plugin': [ '7.24.0' ],
167 silly audit   '@babel/helper-create-regexp-features-plugin': [ '7.22.15' ],
167 silly audit   '@babel/helper-define-polyfill-provider': [ '0.6.1', '0.5.0' ],
167 silly audit   '@babel/helper-environment-visitor': [ '7.22.20' ],
167 silly audit   '@babel/helper-function-name': [ '7.23.0' ],
167 silly audit   '@babel/helper-hoist-variables': [ '7.22.5' ],
167 silly audit   '@babel/helper-member-expression-to-functions': [ '7.23.0' ],
167 silly audit   '@babel/helper-module-imports': [ '7.22.15' ],
167 silly audit   '@babel/helper-module-transforms': [ '7.23.3' ],
167 silly audit   '@babel/helper-optimise-call-expression': [ '7.22.5' ],
167 silly audit   '@babel/helper-plugin-utils': [ '7.24.0' ],
167 silly audit   '@babel/helper-remap-async-to-generator': [ '7.22.20' ],
167 silly audit   '@babel/helper-replace-supers': [ '7.22.20' ],
167 silly audit   '@babel/helper-simple-access': [ '7.22.5' ],
167 silly audit   '@babel/helper-skip-transparent-expression-wrappers': [ '7.22.5' ],
167 silly audit   '@babel/helper-split-export-declaration': [ '7.22.6' ],
167 silly audit   '@babel/helper-string-parser': [ '7.23.4' ],
167 silly audit   '@babel/helper-validator-identifier': [ '7.22.20' ],
167 silly audit   '@babel/helper-validator-option': [ '7.23.5' ],
167 silly audit   '@babel/helper-wrap-function': [ '7.22.20' ],
167 silly audit   '@babel/helpers': [ '7.24.0' ],
167 silly audit   '@babel/highlight': [ '7.23.4' ],
167 silly audit   '@babel/parser': [ '7.24.0' ],
167 silly audit   '@babel/plugin-bugfix-safari-id-destructuring-collision-in-function-expression': [ '7.23.3' ],
167 silly audit   '@babel/plugin-bugfix-v8-spread-parameters-in-optional-chaining': [ '7.23.3' ],
167 silly audit   '@babel/plugin-bugfix-v8-static-class-fields-redefine-readonly': [ '7.23.7' ],
167 silly audit   '@babel/plugin-proposal-class-properties': [ '7.18.6' ],
167 silly audit   '@babel/plugin-proposal-decorators': [ '7.24.0' ],
167 silly audit   '@babel/plugin-proposal-nullish-coalescing-operator': [ '7.18.6' ],
167 silly audit   '@babel/plugin-proposal-numeric-separator': [ '7.18.6' ],
167 silly audit   '@babel/plugin-proposal-optional-chaining': [ '7.21.0' ],
167 silly audit   '@babel/plugin-proposal-private-methods': [ '7.18.6' ],
167 silly audit   '@babel/plugin-proposal-private-property-in-object': [ '7.21.0-placeholder-for-preset-env.2' ],
167 silly audit   '@babel/plugin-syntax-async-generators': [ '7.8.4' ],
167 silly audit   '@babel/plugin-syntax-bigint': [ '7.8.3' ],
167 silly audit   '@babel/plugin-syntax-class-properties': [ '7.12.13' ],
167 silly audit   '@babel/plugin-syntax-class-static-block': [ '7.14.5' ],
167 silly audit   '@babel/plugin-syntax-decorators': [ '7.24.0' ],
167 silly audit   '@babel/plugin-syntax-dynamic-import': [ '7.8.3' ],
167 silly audit   '@babel/plugin-syntax-export-namespace-from': [ '7.8.3' ],
167 silly audit   '@babel/plugin-syntax-flow': [ '7.23.3' ],
167 silly audit   '@babel/plugin-syntax-import-assertions': [ '7.23.3' ],
167 silly audit   '@babel/plugin-syntax-import-attributes': [ '7.23.3' ],
167 silly audit   '@babel/plugin-syntax-import-meta': [ '7.10.4' ],
167 silly audit   '@babel/plugin-syntax-json-strings': [ '7.8.3' ],
167 silly audit   '@babel/plugin-syntax-jsx': [ '7.23.3' ],
167 silly audit   '@babel/plugin-syntax-logical-assignment-operators': [ '7.10.4' ],
167 silly audit   '@babel/plugin-syntax-nullish-coalescing-operator': [ '7.8.3' ],
167 silly audit   '@babel/plugin-syntax-numeric-separator': [ '7.10.4' ],
167 silly audit   '@babel/plugin-syntax-object-rest-spread': [ '7.8.3' ],
167 silly audit   '@babel/plugin-syntax-optional-catch-binding': [ '7.8.3' ],
167 silly audit   '@babel/plugin-syntax-optional-chaining': [ '7.8.3' ],
167 silly audit   '@babel/plugin-syntax-private-property-in-object': [ '7.14.5' ],
167 silly audit   '@babel/plugin-syntax-top-level-await': [ '7.14.5' ],
167 silly audit   '@babel/plugin-syntax-typescript': [ '7.23.3' ],
167 silly audit   '@babel/plugin-syntax-unicode-sets-regex': [ '7.18.6' ],
167 silly audit   '@babel/plugin-transform-arrow-functions': [ '7.23.3' ],
167 silly audit   '@babel/plugin-transform-async-generator-functions': [ '7.23.9' ],
167 silly audit   '@babel/plugin-transform-async-to-generator': [ '7.23.3' ],
167 silly audit   '@babel/plugin-transform-block-scoped-functions': [ '7.23.3' ],
167 silly audit   '@babel/plugin-transform-block-scoping': [ '7.23.4' ],
167 silly audit   '@babel/plugin-transform-class-properties': [ '7.23.3' ],
167 silly audit   '@babel/plugin-transform-class-static-block': [ '7.23.4' ],
167 silly audit   '@babel/plugin-transform-classes': [ '7.23.8' ],
167 silly audit   '@babel/plugin-transform-computed-properties': [ '7.23.3' ],
167 silly audit   '@babel/plugin-transform-destructuring': [ '7.23.3' ],
167 silly audit   '@babel/plugin-transform-dotall-regex': [ '7.23.3' ],
167 silly audit   '@babel/plugin-transform-duplicate-keys': [ '7.23.3' ],
167 silly audit   '@babel/plugin-transform-dynamic-import': [ '7.23.4' ],
167 silly audit   '@babel/plugin-transform-exponentiation-operator': [ '7.23.3' ],
167 silly audit   '@babel/plugin-transform-export-namespace-from': [ '7.23.4' ],
167 silly audit   '@babel/plugin-transform-flow-strip-types': [ '7.23.3' ],
167 silly audit   '@babel/plugin-transform-for-of': [ '7.23.6' ],
167 silly audit   '@babel/plugin-transform-function-name': [ '7.23.3' ],
167 silly audit   '@babel/plugin-transform-json-strings': [ '7.23.4' ],
167 silly audit   '@babel/plugin-transform-literals': [ '7.23.3' ],
167 silly audit   '@babel/plugin-transform-logical-assignment-operators': [ '7.23.4' ],
167 silly audit   '@babel/plugin-transform-member-expression-literals': [ '7.23.3' ],
167 silly audit   '@babel/plugin-transform-modules-amd': [ '7.23.3' ],
167 silly audit   '@babel/plugin-transform-modules-commonjs': [ '7.23.3' ],
167 silly audit   '@babel/plugin-transform-modules-systemjs': [ '7.23.9' ],
167 silly audit   '@babel/plugin-transform-modules-umd': [ '7.23.3' ],
167 silly audit   '@babel/plugin-transform-named-capturing-groups-regex': [ '7.22.5' ],
167 silly audit   '@babel/plugin-transform-new-target': [ '7.23.3' ],
167 silly audit   '@babel/plugin-transform-nullish-coalescing-operator': [ '7.23.4' ],
167 silly audit   '@babel/plugin-transform-numeric-separator': [ '7.23.4' ],
167 silly audit   '@babel/plugin-transform-object-rest-spread': [ '7.24.0' ],
167 silly audit   '@babel/plugin-transform-object-super': [ '7.23.3' ],
167 silly audit   '@babel/plugin-transform-optional-catch-binding': [ '7.23.4' ],
167 silly audit   '@babel/plugin-transform-optional-chaining': [ '7.23.4' ],
167 silly audit   '@babel/plugin-transform-parameters': [ '7.23.3' ],
167 silly audit   '@babel/plugin-transform-private-methods': [ '7.23.3' ],
167 silly audit   '@babel/plugin-transform-private-property-in-object': [ '7.23.4' ],
167 silly audit   '@babel/plugin-transform-property-literals': [ '7.23.3' ],
167 silly audit   '@babel/plugin-transform-react-constant-elements': [ '7.23.3' ],
167 silly audit   '@babel/plugin-transform-react-display-name': [ '7.23.3' ],
167 silly audit   '@babel/plugin-transform-react-jsx': [ '7.23.4' ],
167 silly audit   '@babel/plugin-transform-react-jsx-development': [ '7.22.5' ],
167 silly audit   '@babel/plugin-transform-react-pure-annotations': [ '7.23.3' ],
167 silly audit   '@babel/plugin-transform-regenerator': [ '7.23.3' ],
167 silly audit   '@babel/plugin-transform-reserved-words': [ '7.23.3' ],
167 silly audit   '@babel/plugin-transform-runtime': [ '7.24.0' ],
167 silly audit   '@babel/plugin-transform-shorthand-properties': [ '7.23.3' ],
167 silly audit   '@babel/plugin-transform-spread': [ '7.23.3' ],
167 silly audit   '@babel/plugin-transform-sticky-regex': [ '7.23.3' ],
167 silly audit   '@babel/plugin-transform-template-literals': [ '7.23.3' ],
167 silly audit   '@babel/plugin-transform-typeof-symbol': [ '7.23.3' ],
167 silly audit   '@babel/plugin-transform-typescript': [ '7.23.6' ],
167 silly audit   '@babel/plugin-transform-unicode-escapes': [ '7.23.3' ],
167 silly audit   '@babel/plugin-transform-unicode-property-regex': [ '7.23.3' ],
167 silly audit   '@babel/plugin-transform-unicode-regex': [ '7.23.3' ],
167 silly audit   '@babel/plugin-transform-unicode-sets-regex': [ '7.23.3' ],
167 silly audit   '@babel/preset-env': [ '7.24.0' ],
167 silly audit   '@babel/preset-modules': [ '0.1.6-no-external-plugins' ],
167 silly audit   '@babel/preset-react': [ '7.23.3' ],
167 silly audit   '@babel/preset-typescript': [ '7.23.3' ],
167 silly audit   '@babel/regjsgen': [ '0.8.0' ],
167 silly audit   '@babel/runtime': [ '7.24.0' ],
167 silly audit   '@babel/template': [ '7.24.0' ],
167 silly audit   '@babel/traverse': [ '7.24.0' ],
167 silly audit   '@babel/types': [ '7.24.0' ],
167 silly audit   '@bcoe/v8-coverage': [ '0.2.3' ],
167 silly audit   '@csstools/normalize.css': [ '12.1.1' ],
167 silly audit   '@csstools/postcss-cascade-layers': [ '1.1.1' ],
167 silly audit   '@csstools/postcss-color-function': [ '1.1.1' ],
167 silly audit   '@csstools/postcss-font-format-keywords': [ '1.0.1' ],
167 silly audit   '@csstools/postcss-hwb-function': [ '1.0.2' ],
167 silly audit   '@csstools/postcss-ic-unit': [ '1.0.1' ],
167 silly audit   '@csstools/postcss-is-pseudo-class': [ '2.0.7' ],
167 silly audit   '@csstools/postcss-nested-calc': [ '1.0.0' ],
167 silly audit   '@csstools/postcss-normalize-display-values': [ '1.0.1' ],
167 silly audit   '@csstools/postcss-oklab-function': [ '1.1.1' ],
167 silly audit   '@csstools/postcss-progressive-custom-properties': [ '1.3.0' ],
167 silly audit   '@csstools/postcss-stepped-value-functions': [ '1.0.1' ],
167 silly audit   '@csstools/postcss-text-decoration-shorthand': [ '1.0.0' ],
167 silly audit   '@csstools/postcss-trigonometric-functions': [ '1.0.2' ],
167 silly audit   '@csstools/postcss-unset-value': [ '1.0.2' ],
167 silly audit   '@csstools/selector-specificity': [ '2.2.0' ],
167 silly audit   '@eslint-community/eslint-utils': [ '4.4.0' ],
167 silly audit   '@eslint-community/regexpp': [ '4.10.0' ],
167 silly audit   '@eslint/eslintrc': [ '2.1.4' ],
167 silly audit   argparse: [ '2.0.1', '1.0.10' ],
167 silly audit   globals: [ '13.24.0', '11.12.0' ],
167 silly audit   'js-yaml': [ '4.1.0', '3.14.1' ],
167 silly audit   'type-fest': [ '0.20.2', '0.16.0', '0.21.3' ],
167 silly audit   '@eslint/js': [ '8.57.0' ],
167 silly audit   '@humanwhocodes/config-array': [ '0.11.14' ],
167 silly audit   '@humanwhocodes/module-importer': [ '1.0.1' ],
167 silly audit   '@humanwhocodes/object-schema': [ '2.0.2' ],
167 silly audit   '@isaacs/cliui': [ '8.0.2' ],
167 silly audit   'ansi-regex': [ '6.0.1', '5.0.1' ],
167 silly audit   'ansi-styles': [ '6.2.1', '4.3.0', '5.2.0', '3.2.1' ],
167 silly audit   'string-width': [ '5.1.2', '4.2.3' ],
167 silly audit   'strip-ansi': [ '7.1.0', '6.0.1' ],
167 silly audit   'wrap-ansi': [ '8.1.0', '7.0.0' ],
167 silly audit   '@istanbuljs/load-nyc-config': [ '1.1.0' ],
167 silly audit   camelcase: [ '5.3.1', '6.3.0' ],
167 silly audit   'find-up': [ '4.1.0', '5.0.0', '3.0.0' ],
167 silly audit   'locate-path': [ '5.0.0', '6.0.0', '3.0.0' ],
167 silly audit   'p-limit': [ '2.3.0', '3.1.0' ],
167 silly audit   'p-locate': [ '4.1.0', '5.0.0', '3.0.0' ],
167 silly audit   '@istanbuljs/schema': [ '0.1.3' ],
167 silly audit   '@jest/console': [ '27.5.1', '28.1.3' ],
167 silly audit   chalk: [ '4.1.2', '3.0.0', '2.4.2' ],
167 silly audit   'color-convert': [ '2.0.1', '1.9.3' ],
167 silly audit   'color-name': [ '1.1.4', '1.1.3' ],
167 silly audit   'has-flag': [ '4.0.0', '3.0.0' ],
167 silly audit   'supports-color': [ '7.2.0', '8.1.1', '5.5.0' ],
167 silly audit   '@jest/core': [ '27.5.1' ],
167 silly audit   '@jest/environment': [ '27.5.1' ],
167 silly audit   '@jest/expect-utils': [ '29.7.0' ],
167 silly audit   'jest-get-type': [ '29.6.3', '27.5.1' ],
167 silly audit   '@jest/fake-timers': [ '27.5.1' ],
167 silly audit   '@jest/globals': [ '27.5.1' ],
167 silly audit   '@jest/reporters': [ '27.5.1' ],
167 silly audit   'source-map': [ '0.6.1', '0.7.4', '0.8.0-beta.0' ],
167 silly audit   '@jest/schemas': [ '28.1.3', '29.6.3' ],
167 silly audit   '@jest/source-map': [ '27.5.1' ],
167 silly audit   '@jest/test-result': [ '27.5.1', '28.1.3' ],
167 silly audit   '@jest/test-sequencer': [ '27.5.1' ],
167 silly audit   '@jest/transform': [ '27.5.1' ],
167 silly audit   'convert-source-map': [ '1.9.0', '2.0.0' ],
167 silly audit   '@jest/types': [ '27.5.1', '29.6.3', '28.1.3' ],
167 silly audit   '@jridgewell/gen-mapping': [ '0.3.5' ],
167 silly audit   '@jridgewell/resolve-uri': [ '3.1.2' ],
167 silly audit   '@jridgewell/set-array': [ '1.2.1' ],
167 silly audit   '@jridgewell/source-map': [ '0.3.6' ],
167 silly audit   '@jridgewell/sourcemap-codec': [ '1.4.15' ],
167 silly audit   '@jridgewell/trace-mapping': [ '0.3.25' ],
167 silly audit   '@leichtgewicht/ip-codec': [ '2.0.4' ],
167 silly audit   '@nicolo-ribaudo/eslint-scope-5-internals': [ '5.1.1-v1' ],
167 silly audit   'eslint-scope': [ '5.1.1', '7.2.2' ],
167 silly audit   estraverse: [ '4.3.0', '5.3.0' ],
167 silly audit   '@nodelib/fs.scandir': [ '2.1.5' ],
167 silly audit   '@nodelib/fs.stat': [ '2.0.5' ],
167 silly audit   '@nodelib/fs.walk': [ '1.2.8' ],
167 silly audit   '@pkgjs/parseargs': [ '0.11.0' ],
167 silly audit   '@pmmmwh/react-refresh-webpack-plugin': [ '0.5.11' ],
167 silly audit   '@rollup/plugin-babel': [ '5.3.1' ],
167 silly audit   '@rollup/plugin-node-resolve': [ '11.2.1' ],
167 silly audit   '@rollup/plugin-replace': [ '2.4.2' ],
167 silly audit   '@rollup/pluginutils': [ '3.1.0' ],
167 silly audit   '@types/estree': [ '0.0.39', '1.0.5' ],
167 silly audit   '@rushstack/eslint-patch': [ '1.7.2' ],
167 silly audit   '@sinclair/typebox': [ '0.24.51', '0.27.8' ],
167 silly audit   '@sinonjs/commons': [ '1.8.6' ],
167 silly audit   '@sinonjs/fake-timers': [ '8.1.0' ],
167 silly audit   '@surma/rollup-plugin-off-main-thread': [ '2.2.3' ],
167 silly audit   '@svgr/babel-plugin-add-jsx-attribute': [ '5.4.0' ],
167 silly audit   '@svgr/babel-plugin-remove-jsx-attribute': [ '5.4.0' ],
167 silly audit   '@svgr/babel-plugin-remove-jsx-empty-expression': [ '5.0.1' ],
167 silly audit   '@svgr/babel-plugin-replace-jsx-attribute-value': [ '5.0.1' ],
167 silly audit   '@svgr/babel-plugin-svg-dynamic-title': [ '5.4.0' ],
167 silly audit   '@svgr/babel-plugin-svg-em-dimensions': [ '5.4.0' ],
167 silly audit   '@svgr/babel-plugin-transform-react-native-svg': [ '5.4.0' ],
167 silly audit   '@svgr/babel-plugin-transform-svg-component': [ '5.5.0' ],
167 silly audit   '@svgr/babel-preset': [ '5.5.0' ],
167 silly audit   '@svgr/core': [ '5.5.0' ],
167 silly audit   '@svgr/hast-util-to-babel-ast': [ '5.5.0' ],
167 silly audit   '@svgr/plugin-jsx': [ '5.5.0' ],
167 silly audit   '@svgr/plugin-svgo': [ '5.5.0' ],
167 silly audit   '@svgr/webpack': [ '5.5.0' ],
167 silly audit   '@testing-library/dom': [ '9.3.4', '8.20.1' ],
167 silly audit   'aria-query': [ '5.1.3', '5.3.0' ],
167 silly audit   '@testing-library/jest-dom': [ '5.17.0' ],
167 silly audit   '@testing-library/react': [ '13.4.0' ],
167 silly audit   '@testing-library/user-event': [ '13.5.0' ],
167 silly audit   '@tootallnate/once': [ '1.1.2' ],
167 silly audit   '@trysound/sax': [ '0.2.0' ],
167 silly audit   '@types/aria-query': [ '5.0.4' ],
167 silly audit   '@types/babel__core': [ '7.20.5' ],
167 silly audit   '@types/babel__generator': [ '7.6.8' ],
167 silly audit   '@types/babel__template': [ '7.4.4' ],
167 silly audit   '@types/babel__traverse': [ '7.20.5' ],
167 silly audit   '@types/body-parser': [ '1.19.5' ],
167 silly audit   '@types/bonjour': [ '3.5.13' ],
167 silly audit   '@types/connect': [ '3.4.38' ],
167 silly audit   '@types/connect-history-api-fallback': [ '1.5.4' ],
167 silly audit   '@types/eslint': [ '8.56.5' ],
167 silly audit   '@types/eslint-scope': [ '3.7.7' ],
167 silly audit   '@types/express': [ '4.17.21' ],
167 silly audit   '@types/express-serve-static-core': [ '4.17.43' ],
167 silly audit   '@types/graceful-fs': [ '4.1.9' ],
167 silly audit   '@types/html-minifier-terser': [ '6.1.0' ],
167 silly audit   '@types/http-errors': [ '2.0.4' ],
167 silly audit   '@types/http-proxy': [ '1.17.14' ],
167 silly audit   '@types/istanbul-lib-coverage': [ '2.0.6' ],
167 silly audit   '@types/istanbul-lib-report': [ '3.0.3' ],
167 silly audit   '@types/istanbul-reports': [ '3.0.4' ],
167 silly audit   '@types/jest': [ '29.5.12' ],
167 silly audit   '@types/yargs': [ '17.0.32', '16.0.9' ],
167 silly audit   'diff-sequences': [ '29.6.3', '27.5.1' ],
167 silly audit   expect: [ '29.7.0', '27.5.1' ],
167 silly audit   'jest-diff': [ '29.7.0', '27.5.1' ],
167 silly audit   'jest-matcher-utils': [ '29.7.0', '27.5.1' ],
167 silly audit   'jest-message-util': [ '29.7.0', '27.5.1', '28.1.3' ],
167 silly audit   'jest-util': [ '29.7.0', '27.5.1', '28.1.3' ],
167 silly audit   'pretty-format': [ '29.7.0', '28.1.3', '27.5.1' ],
167 silly audit   'react-is': [ '18.2.0', '16.13.1', '17.0.2' ],
167 silly audit   '@types/json-schema': [ '7.0.15' ],
167 silly audit   '@types/json5': [ '0.0.29' ],
167 silly audit   '@types/mime': [ '1.3.5' ],
167 silly audit   '@types/node': [ '20.11.27' ],
167 silly audit   '@types/node-forge': [ '1.3.11' ],
167 silly audit   '@types/parse-json': [ '4.0.2' ],
167 silly audit   '@types/prettier': [ '2.7.3' ],
167 silly audit   '@types/prop-types': [ '15.7.11' ],
167 silly audit   '@types/q': [ '1.5.8' ],
167 silly audit   '@types/qs': [ '6.9.12' ],
167 silly audit   '@types/range-parser': [ '1.2.7' ],
167 silly audit   '@types/react': [ '18.2.65' ],
167 silly audit   '@types/react-dom': [ '18.2.22' ],
167 silly audit   '@types/resolve': [ '1.17.1' ],
167 silly audit   '@types/retry': [ '0.12.0' ],
167 silly audit   '@types/scheduler': [ '0.16.8' ],
167 silly audit   '@types/semver': [ '7.5.8' ],
167 silly audit   '@types/send': [ '0.17.4' ],
167 silly audit   '@types/serve-index': [ '1.9.4' ],
167 silly audit   '@types/serve-static': [ '1.15.5' ],
167 silly audit   '@types/sockjs': [ '0.3.36' ],
167 silly audit   '@types/stack-utils': [ '2.0.3' ],
167 silly audit   '@types/testing-library__jest-dom': [ '5.14.9' ],
167 silly audit   '@types/trusted-types': [ '2.0.7' ],
167 silly audit   '@types/ws': [ '8.5.10' ],
167 silly audit   '@types/yargs-parser': [ '21.0.3' ],
167 silly audit   '@typescript-eslint/eslint-plugin': [ '5.62.0' ],
167 silly audit   '@typescript-eslint/experimental-utils': [ '5.62.0' ],
167 silly audit   '@typescript-eslint/parser': [ '5.62.0' ],
167 silly audit   '@typescript-eslint/scope-manager': [ '5.62.0' ],
167 silly audit   '@typescript-eslint/type-utils': [ '5.62.0' ],
167 silly audit   '@typescript-eslint/types': [ '5.62.0' ],
167 silly audit   '@typescript-eslint/typescript-estree': [ '5.62.0' ],
167 silly audit   '@typescript-eslint/utils': [ '5.62.0' ],
167 silly audit   '@typescript-eslint/visitor-keys': [ '5.62.0' ],
167 silly audit   '@ungap/structured-clone': [ '1.2.0' ],
167 silly audit   '@webassemblyjs/ast': [ '1.12.1' ],
167 silly audit   '@webassemblyjs/floating-point-hex-parser': [ '1.11.6' ],
167 silly audit   '@webassemblyjs/helper-api-error': [ '1.11.6' ],
167 silly audit   '@webassemblyjs/helper-buffer': [ '1.12.1' ],
167 silly audit   '@webassemblyjs/helper-numbers': [ '1.11.6' ],
167 silly audit   '@webassemblyjs/helper-wasm-bytecode': [ '1.11.6' ],
167 silly audit   '@webassemblyjs/helper-wasm-section': [ '1.12.1' ],
167 silly audit   '@webassemblyjs/ieee754': [ '1.11.6' ],
167 silly audit   '@webassemblyjs/leb128': [ '1.11.6' ],
167 silly audit   '@webassemblyjs/utf8': [ '1.11.6' ],
167 silly audit   '@webassemblyjs/wasm-edit': [ '1.12.1' ],
167 silly audit   '@webassemblyjs/wasm-gen': [ '1.12.1' ],
167 silly audit   '@webassemblyjs/wasm-opt': [ '1.12.1' ],
167 silly audit   '@webassemblyjs/wasm-parser': [ '1.12.1' ],
167 silly audit   '@webassemblyjs/wast-printer': [ '1.12.1' ],
167 silly audit   '@xtuc/ieee754': [ '1.2.0' ],
167 silly audit   '@xtuc/long': [ '4.2.2' ],
167 silly audit   abab: [ '2.0.6' ],
167 silly audit   accepts: [ '1.3.8' ],
167 silly audit   acorn: [ '8.11.3', '7.4.1' ],
167 silly audit   'acorn-globals': [ '6.0.0' ],
167 silly audit   'acorn-import-assertions': [ '1.9.0' ],
167 silly audit   'acorn-jsx': [ '5.3.2' ],
167 silly audit   'acorn-walk': [ '7.2.0' ],
167 silly audit   address: [ '1.2.2' ],
167 silly audit   'adjust-sourcemap-loader': [ '4.0.0' ],
167 silly audit   'agent-base': [ '6.0.2' ],
167 silly audit   ajv: [ '6.12.6', '8.12.0' ],
167 silly audit   'ajv-formats': [ '2.1.1' ],
167 silly audit   'json-schema-traverse': [ '1.0.0', '0.4.1' ],
167 silly audit   'ajv-keywords': [ '3.5.2', '5.1.0' ],
167 silly audit   'ansi-escapes': [ '4.3.2' ],
167 silly audit   'ansi-html-community': [ '0.0.8' ],
167 silly audit   'any-promise': [ '1.3.0' ],
167 silly audit   anymatch: [ '3.1.3' ],
167 silly audit   arg: [ '5.0.2' ],
167 silly audit   'array-buffer-byte-length': [ '1.0.1' ],
167 silly audit   'array-flatten': [ '1.1.1' ],
167 silly audit   'array-includes': [ '3.1.7' ],
167 silly audit   'array-union': [ '2.1.0' ],
167 silly audit   'array.prototype.filter': [ '1.0.3' ],
167 silly audit   'array.prototype.findlast': [ '1.2.4' ],
167 silly audit   'array.prototype.findlastindex': [ '1.2.4' ],
167 silly audit   'array.prototype.flat': [ '1.3.2' ],
167 silly audit   'array.prototype.flatmap': [ '1.3.2' ],
167 silly audit   'array.prototype.reduce': [ '1.0.6' ],
167 silly audit   'array.prototype.toreversed': [ '1.1.2' ],
167 silly audit   'array.prototype.tosorted': [ '1.1.3' ],
167 silly audit   'arraybuffer.prototype.slice': [ '1.0.3' ],
167 silly audit   asap: [ '2.0.6' ],
167 silly audit   'ast-types-flow': [ '0.0.8' ],
167 silly audit   async: [ '3.2.5' ],
167 silly audit   'asynciterator.prototype': [ '1.0.0' ],
167 silly audit   asynckit: [ '0.4.0' ],
167 silly audit   'at-least-node': [ '1.0.0' ],
167 silly audit   autoprefixer: [ '10.4.18' ],
167 silly audit   'available-typed-arrays': [ '1.0.7' ],
167 silly audit   'axe-core': [ '4.7.0' ],
167 silly audit   'axobject-query': [ '3.2.1' ],
167 silly audit   'babel-jest': [ '27.5.1' ],
167 silly audit   'babel-loader': [ '8.3.0' ],
167 silly audit   'schema-utils': [ '2.7.1', '4.2.0', '2.7.0', '3.3.0' ],
167 silly audit   'babel-plugin-istanbul': [ '6.1.1' ],
167 silly audit   'babel-plugin-jest-hoist': [ '27.5.1' ],
167 silly audit   'babel-plugin-macros': [ '3.1.0' ],
167 silly audit   'babel-plugin-named-asset-import': [ '0.3.8' ],
167 silly audit   'babel-plugin-polyfill-corejs2': [ '0.4.10' ],
167 silly audit   'babel-plugin-polyfill-corejs3': [ '0.9.0' ],
167 silly audit   'babel-plugin-polyfill-regenerator': [ '0.5.5' ],
167 silly audit   'babel-plugin-transform-react-remove-prop-types': [ '0.4.24' ],
167 silly audit   'babel-preset-current-node-syntax': [ '1.0.1' ],
167 silly audit   'babel-preset-jest': [ '27.5.1' ],
167 silly audit   'babel-preset-react-app': [ '10.0.1' ],
167 silly audit   'balanced-match': [ '1.0.2' ],
167 silly audit   batch: [ '0.6.1' ],
167 silly audit   bfj: [ '7.1.0' ],
167 silly audit   'big.js': [ '5.2.2' ],
167 silly audit   'binary-extensions': [ '2.2.0' ],
167 silly audit   bluebird: [ '3.7.2' ],
167 silly audit   'body-parser': [ '1.20.2' ],
167 silly audit   bytes: [ '3.1.2', '3.0.0' ],
167 silly audit   debug: [ '2.6.9', '4.3.4', '3.2.7' ],
167 silly audit   'iconv-lite': [ '0.4.24', '0.6.3' ],
167 silly audit   ms: [ '2.0.0', '2.1.2', '2.1.3' ],
167 silly audit   'bonjour-service': [ '1.2.1' ],
167 silly audit   boolbase: [ '1.0.0' ],
167 silly audit   'brace-expansion': [ '1.1.11', '2.0.1' ],
167 silly audit   braces: [ '3.0.2' ],
167 silly audit   'browser-process-hrtime': [ '1.0.0' ],
167 silly audit   browserslist: [ '4.23.0' ],
167 silly audit   bser: [ '2.1.1' ],
167 silly audit   'buffer-from': [ '1.1.2' ],
167 silly audit   'builtin-modules': [ '3.3.0' ],
167 silly audit   'call-bind': [ '1.0.7' ],
167 silly audit   callsites: [ '3.1.0' ],
167 silly audit   'camel-case': [ '4.1.2' ],
167 silly audit   'camelcase-css': [ '2.0.1' ],
167 silly audit   'caniuse-api': [ '3.0.0' ],
167 silly audit   'caniuse-lite': [ '1.0.30001597' ],
167 silly audit   'case-sensitive-paths-webpack-plugin': [ '2.4.0' ],
167 silly audit   'char-regex': [ '1.0.2', '2.0.1' ],
167 silly audit   'check-types': [ '11.2.3' ],
167 silly audit   chokidar: [ '3.6.0' ],
167 silly audit   'glob-parent': [ '5.1.2', '6.0.2' ],
167 silly audit   'chrome-trace-event': [ '1.0.3' ],
167 silly audit   'ci-info': [ '3.9.0' ],
167 silly audit   'cjs-module-lexer': [ '1.2.3' ],
167 silly audit   'clean-css': [ '5.3.3' ],
167 silly audit   cliui: [ '7.0.4' ],
167 silly audit   co: [ '4.6.0' ],
167 silly audit   coa: [ '2.0.2' ],
167 silly audit   'collect-v8-coverage': [ '1.0.2' ],
167 silly audit   colord: [ '2.9.3' ],
167 silly audit   colorette: [ '2.0.20' ],
167 silly audit   'combined-stream': [ '1.0.8' ],
167 silly audit   commander: [ '8.3.0', '7.2.0', '4.1.1', '2.20.3' ],
167 silly audit   'common-path-prefix': [ '3.0.0' ],
167 silly audit   'common-tags': [ '1.8.2' ],
167 silly audit   commondir: [ '1.0.1' ],
167 silly audit   compressible: [ '2.0.18' ],
167 silly audit   compression: [ '1.7.4' ],
167 silly audit   'safe-buffer': [ '5.1.2', '5.2.1' ],
167 silly audit   'concat-map': [ '0.0.1' ],
167 silly audit   'confusing-browser-globals': [ '1.0.11' ],
167 silly audit   'connect-history-api-fallback': [ '2.0.0' ],
167 silly audit   'content-disposition': [ '0.5.4' ],
167 silly audit   'content-type': [ '1.0.5' ],
167 silly audit   cookie: [ '0.5.0' ],
167 silly audit   'cookie-signature': [ '1.0.6' ],
167 silly audit   'core-js': [ '3.36.0' ],
167 silly audit   'core-js-compat': [ '3.36.0' ],
167 silly audit   'core-js-pure': [ '3.36.0' ],
167 silly audit   'core-util-is': [ '1.0.3' ],
167 silly audit   cosmiconfig: [ '7.1.0', '6.0.0' ],
167 silly audit   'cross-spawn': [ '7.0.3' ],
167 silly audit   'crypto-random-string': [ '2.0.0' ],
167 silly audit   'css-blank-pseudo': [ '3.0.3' ],
167 silly audit   'css-declaration-sorter': [ '6.4.1' ],
167 silly audit   'css-has-pseudo': [ '3.0.4' ],
167 silly audit   'css-loader': [ '6.10.0' ],
167 silly audit   'css-minimizer-webpack-plugin': [ '3.4.1' ],
167 silly audit   'css-prefers-color-scheme': [ '6.0.3' ],
167 silly audit   'css-select': [ '4.3.0', '2.1.0' ],
167 silly audit   'css-select-base-adapter': [ '0.1.1' ],
167 silly audit   'css-tree': [ '1.0.0-alpha.37', '1.1.3' ],
167 silly audit   'css-what': [ '6.1.0', '3.4.2' ],
167 silly audit   'css.escape': [ '1.5.1' ],
167 silly audit   cssdb: [ '7.11.2' ],
167 silly audit   cssesc: [ '3.0.0' ],
167 silly audit   cssnano: [ '5.1.15' ],
167 silly audit   'cssnano-preset-default': [ '5.2.14' ],
167 silly audit   'cssnano-utils': [ '3.1.0' ],
167 silly audit   csso: [ '4.2.0' ],
167 silly audit   'mdn-data': [ '2.0.14', '2.0.4' ],
167 silly audit   cssom: [ '0.4.4', '0.3.8' ],
167 silly audit   cssstyle: [ '2.3.0' ],
167 silly audit   csstype: [ '3.1.3' ],
167 silly audit   'damerau-levenshtein': [ '1.0.8' ],
167 silly audit   'data-urls': [ '2.0.0' ],
167 silly audit   'decimal.js': [ '10.4.3' ],
167 silly audit   dedent: [ '0.7.0' ],
167 silly audit   'deep-equal': [ '2.2.3' ],
167 silly audit   'deep-is': [ '0.1.4' ],
167 silly audit   deepmerge: [ '4.3.1' ],
167 silly audit   'default-gateway': [ '6.0.3' ],
167 silly audit   'define-data-property': [ '1.1.4' ],
167 silly audit   'define-lazy-prop': [ '2.0.0' ],
167 silly audit   'define-properties': [ '1.2.1' ],
167 silly audit   'delayed-stream': [ '1.0.0' ],
167 silly audit   depd: [ '2.0.0', '1.1.2' ],
167 silly audit   dequal: [ '2.0.3' ],
167 silly audit   destroy: [ '1.2.0' ],
167 silly audit   'detect-newline': [ '3.1.0' ],
167 silly audit   'detect-node': [ '2.1.0' ],
167 silly audit   'detect-port-alt': [ '1.1.6' ],
167 silly audit   didyoumean: [ '1.2.2' ],
167 silly audit   'dir-glob': [ '3.0.1' ],
167 silly audit   dlv: [ '1.1.3' ],
167 silly audit   'dns-packet': [ '5.6.1' ],
167 silly audit   doctrine: [ '3.0.0', '2.1.0' ],
167 silly audit   'dom-accessibility-api': [ '0.5.16' ],
167 silly audit   'dom-converter': [ '0.2.0' ],
167 silly audit   'dom-serializer': [ '1.4.1', '0.2.2' ],
167 silly audit   domelementtype: [ '2.3.0', '1.3.1' ],
167 silly audit   domexception: [ '2.0.1' ],
167 silly audit   'webidl-conversions': [ '5.0.0', '6.1.0', '4.0.2' ],
167 silly audit   domhandler: [ '4.3.1' ],
167 silly audit   domutils: [ '2.8.0', '1.7.0' ],
167 silly audit   'dot-case': [ '3.0.4' ],
167 silly audit   dotenv: [ '10.0.0' ],
167 silly audit   'dotenv-expand': [ '5.1.0' ],
167 silly audit   duplexer: [ '0.1.2' ],
167 silly audit   eastasianwidth: [ '0.2.0' ],
167 silly audit   'ee-first': [ '1.1.1' ],
167 silly audit   ejs: [ '3.1.9' ],
167 silly audit   'electron-to-chromium': [ '1.4.704' ],
167 silly audit   emittery: [ '0.8.1', '0.10.2' ],
167 silly audit   'emoji-regex': [ '9.2.2', '8.0.0' ],
167 silly audit   'emojis-list': [ '3.0.0' ],
167 silly audit   encodeurl: [ '1.0.2' ],
167 silly audit   'enhanced-resolve': [ '5.16.0' ],
167 silly audit   entities: [ '2.2.0' ],
167 silly audit   'error-ex': [ '1.3.2' ],
167 silly audit   'error-stack-parser': [ '2.1.4' ],
167 silly audit   'es-abstract': [ '1.22.5' ],
167 silly audit   'es-array-method-boxes-properly': [ '1.0.0' ],
167 silly audit   'es-define-property': [ '1.0.0' ],
167 silly audit   'es-errors': [ '1.3.0' ],
167 silly audit   'es-get-iterator': [ '1.1.3' ],
167 silly audit   'es-iterator-helpers': [ '1.0.17' ],
167 silly audit   'es-module-lexer': [ '1.4.1' ],
167 silly audit   'es-set-tostringtag': [ '2.0.3' ],
167 silly audit   'es-shim-unscopables': [ '1.0.2' ],
167 silly audit   'es-to-primitive': [ '1.2.1' ],
167 silly audit   escalade: [ '3.1.2' ],
167 silly audit   'escape-html': [ '1.0.3' ],
167 silly audit   'escape-string-regexp': [ '1.0.5', '4.0.0', '2.0.0' ],
167 silly audit   escodegen: [ '2.1.0', '1.14.3' ],
167 silly audit   eslint: [ '8.57.0' ],
167 silly audit   'eslint-config-react-app': [ '7.0.1' ],
167 silly audit   'eslint-import-resolver-node': [ '0.3.9' ],
167 silly audit   'eslint-module-utils': [ '2.8.1' ],
167 silly audit   'eslint-plugin-flowtype': [ '8.0.3' ],
167 silly audit   'eslint-plugin-import': [ '2.29.1' ],
167 silly audit   'eslint-plugin-jest': [ '25.7.0' ],
167 silly audit   'eslint-plugin-jsx-a11y': [ '6.8.0' ],
167 silly audit   'eslint-plugin-react': [ '7.34.0' ],
167 silly audit   'eslint-plugin-react-hooks': [ '4.6.0' ],
167 silly audit   resolve: [ '2.0.0-next.5', '1.22.8' ],
167 silly audit   'eslint-plugin-testing-library': [ '5.11.1' ],
167 silly audit   'eslint-webpack-plugin': [ '3.2.0' ],
167 silly audit   'jest-worker': [ '28.1.3', '27.5.1', '26.6.2' ],
167 silly audit   espree: [ '9.6.1' ],
167 silly audit   esprima: [ '4.0.1', '1.2.2' ],
167 silly audit   esquery: [ '1.5.0' ],
167 silly audit   esrecurse: [ '4.3.0' ],
167 silly audit   'estree-walker': [ '1.0.1' ],
167 silly audit   esutils: [ '2.0.3' ],
167 silly audit   etag: [ '1.8.1' ],
167 silly audit   eventemitter3: [ '4.0.7' ],
167 silly audit   events: [ '3.3.0' ],
167 silly audit   execa: [ '5.1.1' ],
167 silly audit   exit: [ '0.1.2' ],
167 silly audit   express: [ '4.18.3' ],
167 silly audit   'fast-deep-equal': [ '3.1.3' ],
167 silly audit   'fast-glob': [ '3.3.2' ],
167 silly audit   'fast-json-stable-stringify': [ '2.1.0' ],
167 silly audit   'fast-levenshtein': [ '2.0.6' ],
167 silly audit   fastq: [ '1.17.1' ],
167 silly audit   'faye-websocket': [ '0.11.4' ],
167 silly audit   'fb-watchman': [ '2.0.2' ],
167 silly audit   'file-entry-cache': [ '6.0.1' ],
167 silly audit   'file-loader': [ '6.2.0' ],
167 silly audit   filelist: [ '1.0.4' ],
167 silly audit   minimatch: [ '5.1.6', '3.1.2', '9.0.3' ],
167 silly audit   filesize: [ '8.0.7' ],
167 silly audit   'fill-range': [ '7.0.1' ],
167 silly audit   finalhandler: [ '1.2.0' ],
167 silly audit   'find-cache-dir': [ '3.3.2' ],
167 silly audit   'flat-cache': [ '3.2.0' ],
167 silly audit   flatted: [ '3.3.1' ],
167 silly audit   'follow-redirects': [ '1.15.5' ],
167 silly audit   'for-each': [ '0.3.3' ],
167 silly audit   'foreground-child': [ '3.1.1' ],
167 silly audit   'signal-exit': [ '4.1.0', '3.0.7' ],
167 silly audit   'fork-ts-checker-webpack-plugin': [ '6.5.3' ],
167 silly audit   'fs-extra': [ '9.1.0', '10.1.0' ],
167 silly audit   tapable: [ '1.1.3', '2.2.1' ],
167 silly audit   'form-data': [ '3.0.1' ],
167 silly audit   forwarded: [ '0.2.0' ],
167 silly audit   'fraction.js': [ '4.3.7' ],
167 silly audit   fresh: [ '0.5.2' ],
167 silly audit   'fs-monkey': [ '1.0.5' ],
167 silly audit   'fs.realpath': [ '1.0.0' ],
167 silly audit   fsevents: [ '2.3.3' ],
167 silly audit   'function-bind': [ '1.1.2' ],
167 silly audit   'function.prototype.name': [ '1.1.6' ],
167 silly audit   'functions-have-names': [ '1.2.3' ],
167 silly audit   gensync: [ '1.0.0-beta.2' ],
167 silly audit   'get-caller-file': [ '2.0.5' ],
167 silly audit   'get-intrinsic': [ '1.2.4' ],
167 silly audit   'get-own-enumerable-property-symbols': [ '3.0.2' ],
167 silly audit   'get-package-type': [ '0.1.0' ],
167 silly audit   'get-stream': [ '6.0.1' ],
167 silly audit   'get-symbol-description': [ '1.0.2' ],
167 silly audit   glob: [ '7.2.3', '10.3.10' ],
167 silly audit   'glob-to-regexp': [ '0.4.1' ],
167 silly audit   'global-modules': [ '2.0.0' ],
167 silly audit   'global-prefix': [ '3.0.0' ],
167 silly audit   which: [ '1.3.1', '2.0.2' ],
167 silly audit   globalthis: [ '1.0.3' ],
167 silly audit   globby: [ '11.1.0' ],
167 silly audit   gopd: [ '1.0.1' ],
167 silly audit   'graceful-fs': [ '4.2.11' ],
167 silly audit   graphemer: [ '1.4.0' ],
167 silly audit   'gzip-size': [ '6.0.0' ],
167 silly audit   'handle-thing': [ '2.0.1' ],
167 silly audit   'harmony-reflect': [ '1.6.2' ],
167 silly audit   'has-bigints': [ '1.0.2' ],
167 silly audit   'has-property-descriptors': [ '1.0.2' ],
167 silly audit   'has-proto': [ '1.0.3' ],
167 silly audit   'has-symbols': [ '1.0.3' ],
167 silly audit   'has-tostringtag': [ '1.0.2' ],
167 silly audit   hasown: [ '2.0.2' ],
167 silly audit   he: [ '1.2.0' ],
167 silly audit   hoopy: [ '0.1.4' ],
167 silly audit   'hpack.js': [ '2.1.6' ],
167 silly audit   isarray: [ '1.0.0', '2.0.5' ],
167 silly audit   'readable-stream': [ '2.3.8', '3.6.2' ],
167 silly audit   string_decoder: [ '1.1.1', '1.3.0' ],
167 silly audit   'html-encoding-sniffer': [ '2.0.1' ],
167 silly audit   'html-entities': [ '2.5.2' ],
167 silly audit   'html-escaper': [ '2.0.2' ],
167 silly audit   'html-minifier-terser': [ '6.1.0' ],
167 silly audit   'html-webpack-plugin': [ '5.6.0' ],
167 silly audit   htmlparser2: [ '6.1.0' ],
167 silly audit   'http-deceiver': [ '1.2.7' ],
167 silly audit   'http-errors': [ '2.0.0', '1.6.3' ],
167 silly audit   'http-parser-js': [ '0.5.8' ],
167 silly audit   'http-proxy': [ '1.18.1' ],
167 silly audit   'http-proxy-agent': [ '4.0.1' ],
167 silly audit   'http-proxy-middleware': [ '2.0.6' ],
167 silly audit   'https-proxy-agent': [ '5.0.1' ],
167 silly audit   'human-signals': [ '2.1.0' ],
167 silly audit   'icss-utils': [ '5.1.0' ],
167 silly audit   idb: [ '7.1.1' ],
167 silly audit   'identity-obj-proxy': [ '3.0.0' ],
167 silly audit   ignore: [ '5.3.1' ],
167 silly audit   immer: [ '9.0.21' ],
167 silly audit   'import-fresh': [ '3.3.0' ],
167 silly audit   'resolve-from': [ '4.0.0', '5.0.0' ],
167 silly audit   'import-local': [ '3.1.0' ],
167 silly audit   imurmurhash: [ '0.1.4' ],
167 silly audit   'indent-string': [ '4.0.0' ],
167 silly audit   inflight: [ '1.0.6' ],
167 silly audit   inherits: [ '2.0.4', '2.0.3' ],
167 silly audit   ini: [ '1.3.8' ],
167 silly audit   'internal-slot': [ '1.0.7' ],
167 silly audit   'ipaddr.js': [ '2.1.0', '1.9.1' ],
167 silly audit   'is-arguments': [ '1.1.1' ],
167 silly audit   'is-array-buffer': [ '3.0.4' ],
167 silly audit   'is-arrayish': [ '0.2.1' ],
167 silly audit   'is-async-function': [ '2.0.0' ],
167 silly audit   'is-bigint': [ '1.0.4' ],
167 silly audit   'is-binary-path': [ '2.1.0' ],
167 silly audit   'is-boolean-object': [ '1.1.2' ],
167 silly audit   'is-callable': [ '1.2.7' ],
167 silly audit   'is-core-module': [ '2.13.1' ],
167 silly audit   'is-date-object': [ '1.0.5' ],
167 silly audit   'is-docker': [ '2.2.1' ],
167 silly audit   'is-extglob': [ '2.1.1' ],
167 silly audit   'is-finalizationregistry': [ '1.0.2' ],
167 silly audit   'is-fullwidth-code-point': [ '3.0.0' ],
167 silly audit   'is-generator-fn': [ '2.1.0' ],
167 silly audit   'is-generator-function': [ '1.0.10' ],
167 silly audit   'is-glob': [ '4.0.3' ],
167 silly audit   'is-map': [ '2.0.3' ],
167 silly audit   'is-module': [ '1.0.0' ],
167 silly audit   'is-negative-zero': [ '2.0.3' ],
167 silly audit   'is-number': [ '7.0.0' ],
167 silly audit   'is-number-object': [ '1.0.7' ],
167 silly audit   'is-obj': [ '1.0.1' ],
167 silly audit   'is-path-inside': [ '3.0.3' ],
167 silly audit   'is-plain-obj': [ '3.0.0' ],
167 silly audit   'is-potential-custom-element-name': [ '1.0.1' ],
167 silly audit   'is-regex': [ '1.1.4' ],
167 silly audit   'is-regexp': [ '1.0.0' ],
167 silly audit   'is-root': [ '2.1.0' ],
167 silly audit   'is-set': [ '2.0.3' ],
167 silly audit   'is-shared-array-buffer': [ '1.0.3' ],
167 silly audit   'is-stream': [ '2.0.1' ],
167 silly audit   'is-string': [ '1.0.7' ],
167 silly audit   'is-symbol': [ '1.0.4' ],
167 silly audit   'is-typed-array': [ '1.1.13' ],
167 silly audit   'is-typedarray': [ '1.0.0' ],
167 silly audit   'is-weakmap': [ '2.0.2' ],
167 silly audit   'is-weakref': [ '1.0.2' ],
167 silly audit   'is-weakset': [ '2.0.3' ],
167 silly audit   'is-wsl': [ '2.2.0' ],
167 silly audit   isexe: [ '2.0.0' ],
167 silly audit   'istanbul-lib-coverage': [ '3.2.2' ],
167 silly audit   'istanbul-lib-instrument': [ '5.2.1' ],
167 silly audit   'istanbul-lib-report': [ '3.0.1' ],
167 silly audit   'make-dir': [ '4.0.0', '3.1.0' ],
167 silly audit   'istanbul-lib-source-maps': [ '4.0.1' ],
167 silly audit   'istanbul-reports': [ '3.1.7' ],
167 silly audit   'iterator.prototype': [ '1.1.2' ],
167 silly audit   jackspeak: [ '2.3.6' ],
167 silly audit   jake: [ '10.8.7' ],
167 silly audit   jest: [ '27.5.1' ],
167 silly audit   'jest-changed-files': [ '27.5.1' ],
167 silly audit   'jest-circus': [ '27.5.1' ],
167 silly audit   'jest-cli': [ '27.5.1' ],
167 silly audit   'jest-config': [ '27.5.1' ],
167 silly audit   'jest-docblock': [ '27.5.1' ],
167 silly audit   'jest-each': [ '27.5.1' ],
167 silly audit   'jest-environment-jsdom': [ '27.5.1' ],
167 silly audit   'jest-environment-node': [ '27.5.1' ],
167 silly audit   'jest-haste-map': [ '27.5.1' ],
167 silly audit   'jest-jasmine2': [ '27.5.1' ],
167 silly audit   'jest-leak-detector': [ '27.5.1' ],
167 silly audit   'jest-mock': [ '27.5.1' ],
167 silly audit   'jest-pnp-resolver': [ '1.2.3' ],
167 silly audit   'jest-regex-util': [ '27.5.1', '28.0.2' ],
167 silly audit   'jest-resolve': [ '27.5.1' ],
167 silly audit   'jest-resolve-dependencies': [ '27.5.1' ],
167 silly audit   'jest-runner': [ '27.5.1' ],
167 silly audit   'jest-runtime': [ '27.5.1' ],
167 silly audit   'jest-serializer': [ '27.5.1' ],
167 silly audit   'jest-snapshot': [ '27.5.1' ],
167 silly audit   'jest-validate': [ '27.5.1' ],
167 silly audit   'jest-watch-typeahead': [ '1.1.0' ],
167 silly audit   slash: [ '3.0.0', '4.0.0' ],
167 silly audit   'jest-watcher': [ '28.1.3', '27.5.1' ],
167 silly audit   'string-length': [ '4.0.2', '5.0.1' ],
167 silly audit   jiti: [ '1.21.0' ],
167 silly audit   'js-tokens': [ '4.0.0' ],
167 silly audit   jsdom: [ '16.7.0' ],
167 silly audit   jsesc: [ '2.5.2', '0.5.0' ],
167 silly audit   'json-buffer': [ '3.0.1' ],
167 silly audit   'json-parse-even-better-errors': [ '2.3.1' ],
167 silly audit   'json-schema': [ '0.4.0' ],
167 silly audit   'json-stable-stringify-without-jsonify': [ '1.0.1' ],
167 silly audit   json5: [ '2.2.3', '1.0.2' ],
167 silly audit   jsonfile: [ '6.1.0' ],
167 silly audit   jsonpath: [ '1.1.1' ],
167 silly audit   jsonpointer: [ '5.0.1' ],
167 silly audit   'jsx-ast-utils': [ '3.3.5' ],
167 silly audit   keyv: [ '4.5.4' ],
167 silly audit   'kind-of': [ '6.0.3' ],
167 silly audit   kleur: [ '3.0.3' ],
167 silly audit   klona: [ '2.0.6' ],
167 silly audit   'language-subtag-registry': [ '0.3.22' ],
167 silly audit   'language-tags': [ '1.0.9' ],
167 silly audit   'launch-editor': [ '2.6.1' ],
167 silly audit   leven: [ '3.1.0' ],
167 silly audit   levn: [ '0.4.1', '0.3.0' ],
167 silly audit   lilconfig: [ '2.1.0', '3.1.1' ],
167 silly audit   'lines-and-columns': [ '1.2.4' ],
167 silly audit   'loader-runner': [ '4.3.0' ],
167 silly audit   'loader-utils': [ '2.0.4', '3.2.1' ],
167 silly audit   lodash: [ '4.17.21' ],
167 silly audit   'lodash.debounce': [ '4.0.8' ],
167 silly audit   'lodash.memoize': [ '4.1.2' ],
167 silly audit   'lodash.merge': [ '4.6.2' ],
167 silly audit   'lodash.sortby': [ '4.7.0' ],
167 silly audit   'lodash.uniq': [ '4.5.0' ],
167 silly audit   'loose-envify': [ '1.4.0' ],
167 silly audit   'lower-case': [ '2.0.2' ],
167 silly audit   'lru-cache': [ '5.1.1', '10.2.0', '6.0.0' ],
167 silly audit   'lz-string': [ '1.5.0' ],
167 silly audit   'magic-string': [ '0.25.9' ],
167 silly audit   makeerror: [ '1.0.12' ],
167 silly audit   'media-typer': [ '0.3.0' ],
167 silly audit   memfs: [ '3.5.3' ],
167 silly audit   'merge-descriptors': [ '1.0.1' ],
167 silly audit   'merge-stream': [ '2.0.0' ],
167 silly audit   merge2: [ '1.4.1' ],
167 silly audit   methods: [ '1.1.2' ],
167 silly audit   micromatch: [ '4.0.5' ],
167 silly audit   mime: [ '1.6.0' ],
167 silly audit   'mime-db': [ '1.52.0' ],
167 silly audit   'mime-types': [ '2.1.35' ],
167 silly audit   'mimic-fn': [ '2.1.0' ],
167 silly audit   'min-indent': [ '1.0.1' ],
167 silly audit   'mini-css-extract-plugin': [ '2.8.1' ],
167 silly audit   'minimalistic-assert': [ '1.0.1' ],
167 silly audit   minimist: [ '1.2.8' ],
167 silly audit   minipass: [ '7.0.4' ],
167 silly audit   mkdirp: [ '0.5.6' ],
167 silly audit   'multicast-dns': [ '7.2.5' ],
167 silly audit   mz: [ '2.7.0' ],
167 silly audit   nanoid: [ '3.3.7' ],
167 silly audit   'natural-compare': [ '1.4.0' ],
167 silly audit   'natural-compare-lite': [ '1.4.0' ],
167 silly audit   negotiator: [ '0.6.3' ],
167 silly audit   'neo-async': [ '2.6.2' ],
167 silly audit   'no-case': [ '3.0.4' ],
167 silly audit   'node-forge': [ '1.3.1' ],
167 silly audit   'node-int64': [ '0.4.0' ],
167 silly audit   'node-releases': [ '2.0.14' ],
167 silly audit   'normalize-path': [ '3.0.0' ],
167 silly audit   'normalize-range': [ '0.1.2' ],
167 silly audit   'normalize-url': [ '6.1.0' ],
167 silly audit   'npm-run-path': [ '4.0.1' ],
167 silly audit   'nth-check': [ '2.1.1', '1.0.2' ],
167 silly audit   nwsapi: [ '2.2.7' ],
167 silly audit   'object-assign': [ '4.1.1' ],
167 silly audit   'object-hash': [ '3.0.0' ],
167 silly audit   'object-inspect': [ '1.13.1' ],
167 silly audit   'object-is': [ '1.1.6' ],
167 silly audit   'object-keys': [ '1.1.1' ],
167 silly audit   'object.assign': [ '4.1.5' ],
167 silly audit   'object.entries': [ '1.1.7' ],
167 silly audit   'object.fromentries': [ '2.0.7' ],
167 silly audit   'object.getownpropertydescriptors': [ '2.1.7' ],
167 silly audit   'object.groupby': [ '1.0.2' ],
167 silly audit   'object.hasown': [ '1.1.3' ],
167 silly audit   'object.values': [ '1.1.7' ],
167 silly audit   obuf: [ '1.1.2' ],
167 silly audit   'on-finished': [ '2.4.1' ],
167 silly audit   'on-headers': [ '1.0.2' ],
167 silly audit   once: [ '1.4.0' ],
167 silly audit   onetime: [ '5.1.2' ],
167 silly audit   open: [ '8.4.2' ],
167 silly audit   optionator: [ '0.9.3', '0.8.3' ],
167 silly audit   'p-retry': [ '4.6.2' ],
167 silly audit   'p-try': [ '2.2.0' ],
167 silly audit   'param-case': [ '3.0.4' ],
167 silly audit   'parent-module': [ '1.0.1' ],
167 silly audit   'parse-json': [ '5.2.0' ],
167 silly audit   parse5: [ '6.0.1' ],
167 silly audit   parseurl: [ '1.3.3' ],
167 silly audit   'pascal-case': [ '3.1.2' ],
167 silly audit   'path-exists': [ '4.0.0', '3.0.0' ],
167 silly audit   'path-is-absolute': [ '1.0.1' ],
167 silly audit   'path-key': [ '3.1.1' ],
167 silly audit   'path-parse': [ '1.0.7' ],
167 silly audit   'path-scurry': [ '1.10.1' ],
167 silly audit   'path-to-regexp': [ '0.1.7' ],
167 silly audit   'path-type': [ '4.0.0' ],
167 silly audit   'performance-now': [ '2.1.0' ],
167 silly audit   picocolors: [ '1.0.0', '0.2.1' ],
167 silly audit   picomatch: [ '2.3.1' ],
167 silly audit   pify: [ '2.3.0' ],
167 silly audit   pirates: [ '4.0.6' ],
167 silly audit   'pkg-dir': [ '4.2.0' ],
167 silly audit   'pkg-up': [ '3.1.0' ],
167 silly audit   'possible-typed-array-names': [ '1.0.0' ],
167 silly audit   postcss: [ '8.4.35', '7.0.39' ],
167 silly audit   'postcss-attribute-case-insensitive': [ '5.0.2' ],
167 silly audit   'postcss-browser-comments': [ '4.0.0' ],
167 silly audit   'postcss-calc': [ '8.2.4' ],
167 silly audit   'postcss-clamp': [ '4.1.0' ],
167 silly audit   'postcss-color-functional-notation': [ '4.2.4' ],
167 silly audit   'postcss-color-hex-alpha': [ '8.0.4' ],
167 silly audit   'postcss-color-rebeccapurple': [ '7.1.1' ],
167 silly audit   'postcss-colormin': [ '5.3.1' ],
167 silly audit   'postcss-convert-values': [ '5.1.3' ],
167 silly audit   'postcss-custom-media': [ '8.0.2' ],
167 silly audit   'postcss-custom-properties': [ '12.1.11' ],
167 silly audit   'postcss-custom-selectors': [ '6.0.3' ],
167 silly audit   'postcss-dir-pseudo-class': [ '6.0.5' ],
167 silly audit   'postcss-discard-comments': [ '5.1.2' ],
167 silly audit   'postcss-discard-duplicates': [ '5.1.0' ],
167 silly audit   'postcss-discard-empty': [ '5.1.1' ],
167 silly audit   'postcss-discard-overridden': [ '5.1.0' ],
167 silly audit   'postcss-double-position-gradients': [ '3.1.2' ],
167 silly audit   'postcss-env-function': [ '4.0.6' ],
167 silly audit   'postcss-flexbugs-fixes': [ '5.0.2' ],
167 silly audit   'postcss-focus-visible': [ '6.0.4' ],
167 silly audit   'postcss-focus-within': [ '5.0.4' ],
167 silly audit   'postcss-font-variant': [ '5.0.0' ],
167 silly audit   'postcss-gap-properties': [ '3.0.5' ],
167 silly audit   'postcss-image-set-function': [ '4.0.7' ],
167 silly audit   'postcss-import': [ '15.1.0' ],
167 silly audit   'postcss-initial': [ '4.0.1' ],
167 silly audit   'postcss-js': [ '4.0.1' ],
167 silly audit   'postcss-lab-function': [ '4.2.1' ],
167 silly audit   'postcss-load-config': [ '4.0.2' ],
167 silly audit   yaml: [ '2.4.1', '1.10.2' ],
167 silly audit   'postcss-loader': [ '6.2.1' ],
167 silly audit   'postcss-logical': [ '5.0.4' ],
167 silly audit   'postcss-media-minmax': [ '5.0.0' ],
167 silly audit   'postcss-merge-longhand': [ '5.1.7' ],
167 silly audit   'postcss-merge-rules': [ '5.1.4' ],
167 silly audit   'postcss-minify-font-values': [ '5.1.0' ],
167 silly audit   'postcss-minify-gradients': [ '5.1.1' ],
167 silly audit   'postcss-minify-params': [ '5.1.4' ],
167 silly audit   'postcss-minify-selectors': [ '5.2.1' ],
167 silly audit   'postcss-modules-extract-imports': [ '3.0.0' ],
167 silly audit   'postcss-modules-local-by-default': [ '4.0.4' ],
167 silly audit   'postcss-modules-scope': [ '3.1.1' ],
167 silly audit   'postcss-modules-values': [ '4.0.0' ],
167 silly audit   'postcss-nested': [ '6.0.1' ],
167 silly audit   'postcss-nesting': [ '10.2.0' ],
167 silly audit   'postcss-normalize': [ '10.0.1' ],
167 silly audit   'postcss-normalize-charset': [ '5.1.0' ],
167 silly audit   'postcss-normalize-display-values': [ '5.1.0' ],
167 silly audit   'postcss-normalize-positions': [ '5.1.1' ],
167 silly audit   'postcss-normalize-repeat-style': [ '5.1.1' ],
167 silly audit   'postcss-normalize-string': [ '5.1.0' ],
167 silly audit   'postcss-normalize-timing-functions': [ '5.1.0' ],
167 silly audit   'postcss-normalize-unicode': [ '5.1.1' ],
167 silly audit   'postcss-normalize-url': [ '5.1.0' ],
167 silly audit   'postcss-normalize-whitespace': [ '5.1.1' ],
167 silly audit   'postcss-opacity-percentage': [ '1.1.3' ],
167 silly audit   'postcss-ordered-values': [ '5.1.3' ],
167 silly audit   'postcss-overflow-shorthand': [ '3.0.4' ],
167 silly audit   'postcss-page-break': [ '3.0.4' ],
167 silly audit   'postcss-place': [ '7.0.5' ],
167 silly audit   'postcss-preset-env': [ '7.8.3' ],
167 silly audit   'postcss-pseudo-class-any-link': [ '7.1.6' ],
167 silly audit   'postcss-reduce-initial': [ '5.1.2' ],
167 silly audit   'postcss-reduce-transforms': [ '5.1.0' ],
167 silly audit   'postcss-replace-overflow-wrap': [ '4.0.0' ],
167 silly audit   'postcss-selector-not': [ '6.0.1' ],
167 silly audit   'postcss-selector-parser': [ '6.0.16' ],
167 silly audit   'postcss-svgo': [ '5.1.0' ],
167 silly audit   svgo: [ '2.8.0', '1.3.2' ],
167 silly audit   'postcss-unique-selectors': [ '5.1.1' ],
167 silly audit   'postcss-value-parser': [ '4.2.0' ],
167 silly audit   'prelude-ls': [ '1.2.1', '1.1.2' ],
167 silly audit   'pretty-bytes': [ '5.6.0' ],
167 silly audit   'pretty-error': [ '4.0.0' ],
167 silly audit   'process-nextick-args': [ '2.0.1' ],
167 silly audit   promise: [ '8.3.0' ],
167 silly audit   prompts: [ '2.4.2' ],
167 silly audit   'prop-types': [ '15.8.1' ],
167 silly audit   'proxy-addr': [ '2.0.7' ],
167 silly audit   psl: [ '1.9.0' ],
167 silly audit   punycode: [ '2.3.1' ],
167 silly audit   q: [ '1.5.1' ],
167 silly audit   qs: [ '6.11.0' ],
167 silly audit   querystringify: [ '2.2.0' ],
167 silly audit   'queue-microtask': [ '1.2.3' ],
167 silly audit   raf: [ '3.4.1' ],
167 silly audit   randombytes: [ '2.1.0' ],
167 silly audit   'range-parser': [ '1.2.1' ],
167 silly audit   'raw-body': [ '2.5.2' ],
167 silly audit   react: [ '18.2.0' ],
167 silly audit   'react-app-polyfill': [ '3.0.0' ],
167 silly audit   'regenerator-runtime': [ '0.13.11', '0.14.1' ],
167 silly audit   'react-dev-utils': [ '12.0.1' ],
167 silly audit   'react-dom': [ '18.2.0' ],
167 silly audit   'react-error-overlay': [ '6.0.11' ],
167 silly audit   'react-refresh': [ '0.11.0' ],
167 silly audit   'react-scripts': [ '5.0.1' ],
167 silly audit   'read-cache': [ '1.0.0' ],
167 silly audit   readdirp: [ '3.6.0' ],
167 silly audit   'recursive-readdir': [ '2.2.3' ],
167 silly audit   redent: [ '3.0.0' ],
167 silly audit   'reflect.getprototypeof': [ '1.0.5' ],
167 silly audit   regenerate: [ '1.4.2' ],
167 silly audit   'regenerate-unicode-properties': [ '10.1.1' ],
167 silly audit   'regenerator-transform': [ '0.15.2' ],
167 silly audit   'regex-parser': [ '2.3.0' ],
167 silly audit   'regexp.prototype.flags': [ '1.5.2' ],
167 silly audit   'regexpu-core': [ '5.3.2' ],
167 silly audit   regjsparser: [ '0.9.1' ],
167 silly audit   relateurl: [ '0.2.7' ],
167 silly audit   renderkid: [ '3.0.0' ],
167 silly audit   'require-directory': [ '2.1.1' ],
167 silly audit   'require-from-string': [ '2.0.2' ],
167 silly audit   'requires-port': [ '1.0.0' ],
167 silly audit   'resolve-cwd': [ '3.0.0' ],
167 silly audit   'resolve-url-loader': [ '4.0.0' ],
167 silly audit   'resolve.exports': [ '1.1.1' ],
167 silly audit   retry: [ '0.13.1' ],
167 silly audit   reusify: [ '1.0.4' ],
167 silly audit   rimraf: [ '3.0.2' ],
167 silly audit   rollup: [ '2.79.1' ],
167 silly audit   'rollup-plugin-terser': [ '7.0.2' ],
167 silly audit   'serialize-javascript': [ '4.0.0', '6.0.2' ],
167 silly audit   'run-parallel': [ '1.2.0' ],
167 silly audit   'safe-array-concat': [ '1.1.2' ],
167 silly audit   'safe-regex-test': [ '1.0.3' ],
167 silly audit   'safer-buffer': [ '2.1.2' ],
167 silly audit   'sanitize.css': [ '13.0.0' ],
167 silly audit   'sass-loader': [ '12.6.0' ],
167 silly audit   sax: [ '1.2.4' ],
167 silly audit   saxes: [ '5.0.1' ],
167 silly audit   scheduler: [ '0.23.0' ],
167 silly audit   'select-hose': [ '2.0.0' ],
167 silly audit   selfsigned: [ '2.4.1' ],
167 silly audit   yallist: [ '4.0.0', '3.1.1' ],
167 silly audit   send: [ '0.18.0' ],
167 silly audit   'serve-index': [ '1.9.1' ],
167 silly audit   setprototypeof: [ '1.1.0', '1.2.0' ],
167 silly audit   statuses: [ '1.5.0', '2.0.1' ],
167 silly audit   'serve-static': [ '1.15.0' ],
167 silly audit   'set-function-length': [ '1.2.2' ],
167 silly audit   'set-function-name': [ '2.0.2' ],
167 silly audit   'shebang-command': [ '2.0.0' ],
167 silly audit   'shebang-regex': [ '3.0.0' ],
167 silly audit   'shell-quote': [ '1.8.1' ],
167 silly audit   'side-channel': [ '1.0.6' ],
167 silly audit   sisteransi: [ '1.0.5' ],
167 silly audit   sockjs: [ '0.3.24' ],
167 silly audit   'source-list-map': [ '2.0.1' ],
167 silly audit   'source-map-js': [ '1.0.2' ],
167 silly audit   'source-map-loader': [ '3.0.2' ],
167 silly audit   'source-map-support': [ '0.5.21' ],
167 silly audit   'sourcemap-codec': [ '1.4.8' ],
167 silly audit   spdy: [ '4.0.2' ],
167 silly audit   'spdy-transport': [ '3.0.0' ],
167 silly audit   'sprintf-js': [ '1.0.3' ],
167 silly audit   stable: [ '0.1.8' ],
167 silly audit   'stack-utils': [ '2.0.6' ],
167 silly audit   stackframe: [ '1.3.4' ],
167 silly audit   'static-eval': [ '2.0.2' ],
167 silly audit   'type-check': [ '0.3.2', '0.4.0' ],
167 silly audit   'stop-iteration-iterator': [ '1.0.0' ],
167 silly audit   'string-natural-compare': [ '3.0.1' ],
167 silly audit   'string.prototype.matchall': [ '4.0.10' ],
167 silly audit   'string.prototype.trim': [ '1.2.8' ],
167 silly audit   'string.prototype.trimend': [ '1.0.7' ],
167 silly audit   'string.prototype.trimstart': [ '1.0.7' ],
167 silly audit   'stringify-object': [ '3.3.0' ],
167 silly audit   'strip-bom': [ '4.0.0', '3.0.0' ],
167 silly audit   'strip-comments': [ '2.0.1' ],
167 silly audit   'strip-final-newline': [ '2.0.0' ],
167 silly audit   'strip-indent': [ '3.0.0' ],
167 silly audit   'strip-json-comments': [ '3.1.1' ],
167 silly audit   'style-loader': [ '3.3.4' ],
167 silly audit   stylehacks: [ '5.1.1' ],
167 silly audit   sucrase: [ '3.35.0' ],
167 silly audit   'supports-hyperlinks': [ '2.3.0' ],
167 silly audit   'supports-preserve-symlinks-flag': [ '1.0.0' ],
167 silly audit   'svg-parser': [ '2.0.4' ],
167 silly audit   'symbol-tree': [ '3.2.4' ],
167 silly audit   tailwindcss: [ '3.4.1' ],
167 silly audit   'temp-dir': [ '2.0.0' ],
167 silly audit   tempy: [ '0.6.0' ],
167 silly audit   'terminal-link': [ '2.1.1' ],
167 silly audit   terser: [ '5.29.1' ],
167 silly audit   'terser-webpack-plugin': [ '5.3.10' ],
167 silly audit   'test-exclude': [ '6.0.0' ],
167 silly audit   'text-table': [ '0.2.0' ],
167 silly audit   thenify: [ '3.3.1' ],
167 silly audit   'thenify-all': [ '1.6.0' ],
167 silly audit   throat: [ '6.0.2' ],
167 silly audit   thunky: [ '1.1.0' ],
167 silly audit   tmpl: [ '1.0.5' ],
167 silly audit   'to-fast-properties': [ '2.0.0' ],
167 silly audit   'to-regex-range': [ '5.0.1' ],
167 silly audit   toidentifier: [ '1.0.1' ],
167 silly audit   'tough-cookie': [ '4.1.3' ],
167 silly audit   universalify: [ '0.2.0', '2.0.1' ],
167 silly audit   tr46: [ '2.1.0', '1.0.1' ],
167 silly audit   tryer: [ '1.0.1' ],
167 silly audit   'ts-interface-checker': [ '0.1.13' ],
167 silly audit   'tsconfig-paths': [ '3.15.0' ],
167 silly audit   tslib: [ '2.6.2', '1.14.1' ],
167 silly audit   tsutils: [ '3.21.0' ],
167 silly audit   'type-detect': [ '4.0.8' ],
167 silly audit   'type-is': [ '1.6.18' ],
167 silly audit   'typed-array-buffer': [ '1.0.2' ],
167 silly audit   'typed-array-byte-length': [ '1.0.1' ],
167 silly audit   'typed-array-byte-offset': [ '1.0.2' ],
167 silly audit   'typed-array-length': [ '1.0.5' ],
167 silly audit   'typedarray-to-buffer': [ '3.1.5' ],
167 silly audit   typescript: [ '4.9.5' ],
167 silly audit   'unbox-primitive': [ '1.0.2' ],
167 silly audit   underscore: [ '1.12.1' ],
167 silly audit   'undici-types': [ '5.26.5' ],
167 silly audit   'unicode-canonical-property-names-ecmascript': [ '2.0.0' ],
167 silly audit   'unicode-match-property-ecmascript': [ '2.0.0' ],
167 silly audit   'unicode-match-property-value-ecmascript': [ '2.1.0' ],
167 silly audit   'unicode-property-aliases-ecmascript': [ '2.1.0' ],
167 silly audit   'unique-string': [ '2.0.0' ],
167 silly audit   unpipe: [ '1.0.0' ],
167 silly audit   unquote: [ '1.1.1' ],
167 silly audit   upath: [ '1.2.0' ],
167 silly audit   'update-browserslist-db': [ '1.0.13' ],
167 silly audit   'uri-js': [ '4.4.1' ],
167 silly audit   'url-parse': [ '1.5.10' ],
167 silly audit   'util-deprecate': [ '1.0.2' ],
167 silly audit   'util.promisify': [ '1.0.1' ],
167 silly audit   utila: [ '0.4.0' ],
167 silly audit   'utils-merge': [ '1.0.1' ],
167 silly audit   uuid: [ '8.3.2' ],
167 silly audit   'v8-to-istanbul': [ '8.1.1' ],
167 silly audit   vary: [ '1.1.2' ],
167 silly audit   'w3c-hr-time': [ '1.0.2' ],
167 silly audit   'w3c-xmlserializer': [ '2.0.0' ],
167 silly audit   walker: [ '1.0.8' ],
167 silly audit   watchpack: [ '2.4.1' ],
167 silly audit   wbuf: [ '1.7.3' ],
167 silly audit   'web-vitals': [ '2.1.4' ],
167 silly audit   webpack: [ '5.90.3' ],
167 silly audit   'webpack-dev-middleware': [ '5.3.3' ],
167 silly audit   'webpack-dev-server': [ '4.15.1' ],
167 silly audit   ws: [ '8.16.0', '7.5.9' ],
167 silly audit   'webpack-manifest-plugin': [ '4.1.1' ],
167 silly audit   'webpack-sources': [ '2.3.1', '3.2.3', '1.4.3' ],
167 silly audit   'websocket-driver': [ '0.7.4' ],
167 silly audit   'websocket-extensions': [ '0.1.4' ],
167 silly audit   'whatwg-encoding': [ '1.0.5' ],
167 silly audit   'whatwg-fetch': [ '3.6.20' ],
167 silly audit   'whatwg-mimetype': [ '2.3.0' ],
167 silly audit   'whatwg-url': [ '8.7.0', '7.1.0' ],
167 silly audit   'which-boxed-primitive': [ '1.0.2' ],
167 silly audit   'which-builtin-type': [ '1.1.3' ],
167 silly audit   'which-collection': [ '1.0.2' ],
167 silly audit   'which-typed-array': [ '1.1.15' ],
167 silly audit   'word-wrap': [ '1.2.5' ],
167 silly audit   'workbox-background-sync': [ '6.6.0' ],
167 silly audit   'workbox-broadcast-update': [ '6.6.0' ],
167 silly audit   'workbox-build': [ '6.6.0' ],
167 silly audit   '@apideck/better-ajv-errors': [ '0.3.6' ],
167 silly audit   'workbox-cacheable-response': [ '6.6.0' ],
167 silly audit   'workbox-core': [ '6.6.0' ],
167 silly audit   'workbox-expiration': [ '6.6.0' ],
167 silly audit   'workbox-google-analytics': [ '6.6.0' ],
167 silly audit   'workbox-navigation-preload': [ '6.6.0' ],
167 silly audit   'workbox-precaching': [ '6.6.0' ],
167 silly audit   'workbox-range-requests': [ '6.6.0' ],
167 silly audit   'workbox-recipes': [ '6.6.0' ],
167 silly audit   'workbox-routing': [ '6.6.0' ],
167 silly audit   'workbox-strategies': [ '6.6.0' ],
167 silly audit   'workbox-streams': [ '6.6.0' ],
167 silly audit   'workbox-sw': [ '6.6.0' ],
167 silly audit   'workbox-webpack-plugin': [ '6.6.0' ],
167 silly audit   'workbox-window': [ '6.6.0' ],
167 silly audit   wrappy: [ '1.0.2' ],
167 silly audit   'write-file-atomic': [ '3.0.3' ],
167 silly audit   'xml-name-validator': [ '3.0.0' ],
167 silly audit   xmlchars: [ '2.2.0' ],
167 silly audit   y18n: [ '5.0.8' ],
167 silly audit   yargs: [ '16.2.0' ],
167 silly audit   'yargs-parser': [ '20.2.9' ],
167 silly audit   'yocto-queue': [ '0.1.0' ],
167 silly audit   'mapbox-gl': [ '3.2.0' ],
167 silly audit   '@mapbox/geojson-rewind': [ '0.5.2' ],
167 silly audit   '@mapbox/jsonlint-lines-primitives': [ '2.0.2' ],
167 silly audit   '@mapbox/mapbox-gl-supported': [ '3.0.0' ],
167 silly audit   '@mapbox/point-geometry': [ '0.1.0' ],
167 silly audit   '@mapbox/tiny-sdf': [ '2.0.6' ],
167 silly audit   '@mapbox/unitbezier': [ '0.0.1' ],
167 silly audit   '@mapbox/vector-tile': [ '1.3.1' ],
167 silly audit   '@mapbox/whoots-js': [ '3.1.0' ],
167 silly audit   'cheap-ruler': [ '3.0.2' ],
167 silly audit   csscolorparser: [ '1.0.3' ],
167 silly audit   earcut: [ '2.2.4' ],
167 silly audit   'geojson-vt': [ '3.2.1' ],
167 silly audit   'gl-matrix': [ '3.4.3' ],
167 silly audit   'grid-index': [ '1.1.0' ],
167 silly audit   kdbush: [ '4.0.2' ],
167 silly audit   'lodash.clonedeep': [ '4.5.0' ],
167 silly audit   'murmurhash-js': [ '1.0.0' ],
167 silly audit   pbf: [ '3.2.1' ],
167 silly audit   potpack: [ '2.0.0' ],
167 silly audit   quickselect: [ '2.0.0' ],
167 silly audit   rw: [ '1.3.3' ],
167 silly audit   'serialize-to-js': [ '3.1.2' ],
167 silly audit   supercluster: [ '8.0.1' ],
167 silly audit   tinyqueue: [ '2.0.3' ],
167 silly audit   tweakpane: [ '4.0.3' ],
167 silly audit   'vt-pbf': [ '3.1.3' ],
167 silly audit   ieee754: [ '1.2.1' ],
167 silly audit   'resolve-protobuf-schema': [ '2.1.0' ],
167 silly audit   'protocol-buffers-schema': [ '3.6.0' ]
167 silly audit }
168 silly tarball no local data for protocol-buffers-schema@https://registry.npmjs.org/protocol-buffers-schema/-/protocol-buffers-schema-3.6.0.tgz. Extracting by manifest.
169 silly tarball no local data for ieee754@https://registry.npmjs.org/ieee754/-/ieee754-1.2.1.tgz. Extracting by manifest.
170 silly tarball no local data for vt-pbf@https://registry.npmjs.org/vt-pbf/-/vt-pbf-3.1.3.tgz. Extracting by manifest.
171 silly tarball no local data for supercluster@https://registry.npmjs.org/supercluster/-/supercluster-8.0.1.tgz. Extracting by manifest.
172 silly tarball no local data for tweakpane@https://registry.npmjs.org/tweakpane/-/tweakpane-4.0.3.tgz. Extracting by manifest.
173 silly tarball no local data for resolve-protobuf-schema@https://registry.npmjs.org/resolve-protobuf-schema/-/resolve-protobuf-schema-2.1.0.tgz. Extracting by manifest.
174 silly tarball no local data for tinyqueue@https://registry.npmjs.org/tinyqueue/-/tinyqueue-2.0.3.tgz. Extracting by manifest.
175 silly tarball no local data for serialize-to-js@https://registry.npmjs.org/serialize-to-js/-/serialize-to-js-3.1.2.tgz. Extracting by manifest.
176 silly tarball no local data for rw@https://registry.npmjs.org/rw/-/rw-1.3.3.tgz. Extracting by manifest.
177 silly tarball no local data for quickselect@https://registry.npmjs.org/quickselect/-/quickselect-2.0.0.tgz. Extracting by manifest.
178 silly tarball no local data for pbf@https://registry.npmjs.org/pbf/-/pbf-3.2.1.tgz. Extracting by manifest.
179 silly tarball no local data for potpack@https://registry.npmjs.org/potpack/-/potpack-2.0.0.tgz. Extracting by manifest.
180 silly tarball no local data for murmurhash-js@https://registry.npmjs.org/murmurhash-js/-/murmurhash-js-1.0.0.tgz. Extracting by manifest.
181 silly tarball no local data for grid-index@https://registry.npmjs.org/grid-index/-/grid-index-1.1.0.tgz. Extracting by manifest.
182 silly tarball no local data for lodash.clonedeep@https://registry.npmjs.org/lodash.clonedeep/-/lodash.clonedeep-4.5.0.tgz. Extracting by manifest.
183 silly tarball no local data for kdbush@https://registry.npmjs.org/kdbush/-/kdbush-4.0.2.tgz. Extracting by manifest.
184 silly tarball no local data for geojson-vt@https://registry.npmjs.org/geojson-vt/-/geojson-vt-3.2.1.tgz. Extracting by manifest.
185 silly tarball no local data for gl-matrix@https://registry.npmjs.org/gl-matrix/-/gl-matrix-3.4.3.tgz. Extracting by manifest.
186 silly tarball no local data for earcut@https://registry.npmjs.org/earcut/-/earcut-2.2.4.tgz. Extracting by manifest.
187 silly tarball no local data for csscolorparser@https://registry.npmjs.org/csscolorparser/-/csscolorparser-1.0.3.tgz. Extracting by manifest.
188 silly tarball no local data for cheap-ruler@https://registry.npmjs.org/cheap-ruler/-/cheap-ruler-3.0.2.tgz. Extracting by manifest.
189 silly tarball no local data for @mapbox/whoots-js@https://registry.npmjs.org/@mapbox/whoots-js/-/whoots-js-3.1.0.tgz. Extracting by manifest.
190 silly tarball no local data for @mapbox/point-geometry@https://registry.npmjs.org/@mapbox/point-geometry/-/point-geometry-0.1.0.tgz. Extracting by manifest.
191 silly tarball no local data for @mapbox/tiny-sdf@https://registry.npmjs.org/@mapbox/tiny-sdf/-/tiny-sdf-2.0.6.tgz. Extracting by manifest.
192 silly tarball no local data for @mapbox/mapbox-gl-supported@https://registry.npmjs.org/@mapbox/mapbox-gl-supported/-/mapbox-gl-supported-3.0.0.tgz. Extracting by manifest.
193 silly tarball no local data for @mapbox/geojson-rewind@https://registry.npmjs.org/@mapbox/geojson-rewind/-/geojson-rewind-0.5.2.tgz. Extracting by manifest.
194 silly tarball no local data for @mapbox/vector-tile@https://registry.npmjs.org/@mapbox/vector-tile/-/vector-tile-1.3.1.tgz. Extracting by manifest.
195 silly tarball no local data for @mapbox/jsonlint-lines-primitives@https://registry.npmjs.org/@mapbox/jsonlint-lines-primitives/-/jsonlint-lines-primitives-2.0.2.tgz. Extracting by manifest.
196 silly tarball no local data for mapbox-gl@https://registry.npmjs.org/mapbox-gl/-/mapbox-gl-3.2.0.tgz. Extracting by manifest.
197 silly tarball no local data for @mapbox/unitbezier@https://registry.npmjs.org/@mapbox/unitbezier/-/unitbezier-0.0.1.tgz. Extracting by manifest.
198 http fetch GET 200 https://registry.npmjs.org/quickselect/-/quickselect-2.0.0.tgz 73ms (cache miss)
199 timing reifyNode:node_modules/quickselect Completed in 82ms
200 http fetch GET 200 https://registry.npmjs.org/ieee754/-/ieee754-1.2.1.tgz 76ms (cache miss)
201 timing reifyNode:node_modules/ieee754 Completed in 85ms
202 http fetch GET 200 https://registry.npmjs.org/resolve-protobuf-schema/-/resolve-protobuf-schema-2.1.0.tgz 76ms (cache miss)
203 timing reifyNode:node_modules/resolve-protobuf-schema Completed in 86ms
204 http fetch GET 200 https://registry.npmjs.org/murmurhash-js/-/murmurhash-js-1.0.0.tgz 76ms (cache miss)
205 timing reifyNode:node_modules/murmurhash-js Completed in 85ms
206 http fetch GET 200 https://registry.npmjs.org/potpack/-/potpack-2.0.0.tgz 77ms (cache miss)
207 timing reifyNode:node_modules/potpack Completed in 86ms
208 http fetch GET 200 https://registry.npmjs.org/vt-pbf/-/vt-pbf-3.1.3.tgz 80ms (cache miss)
209 timing reifyNode:node_modules/vt-pbf Completed in 89ms
210 http fetch GET 200 https://registry.npmjs.org/grid-index/-/grid-index-1.1.0.tgz 78ms (cache miss)
211 timing reifyNode:node_modules/grid-index Completed in 87ms
212 http fetch GET 200 https://registry.npmjs.org/supercluster/-/supercluster-8.0.1.tgz 82ms (cache miss)
213 timing reifyNode:node_modules/supercluster Completed in 90ms
214 http fetch GET 200 https://registry.npmjs.org/serialize-to-js/-/serialize-to-js-3.1.2.tgz 81ms (cache miss)
215 timing reifyNode:node_modules/serialize-to-js Completed in 90ms
216 http fetch GET 200 https://registry.npmjs.org/rw/-/rw-1.3.3.tgz 82ms (cache miss)
217 timing reifyNode:node_modules/rw Completed in 92ms
218 http fetch GET 200 https://registry.npmjs.org/tinyqueue/-/tinyqueue-2.0.3.tgz 85ms (cache miss)
219 timing reifyNode:node_modules/tinyqueue Completed in 94ms
220 http fetch GET 200 https://registry.npmjs.org/protocol-buffers-schema/-/protocol-buffers-schema-3.6.0.tgz 87ms (cache miss)
221 timing reifyNode:node_modules/protocol-buffers-schema Completed in 96ms
222 http fetch GET 200 https://registry.npmjs.org/pbf/-/pbf-3.2.1.tgz 87ms (cache miss)
223 timing reifyNode:node_modules/pbf Completed in 96ms
224 http fetch GET 200 https://registry.npmjs.org/kdbush/-/kdbush-4.0.2.tgz 91ms (cache miss)
225 timing reifyNode:node_modules/kdbush Completed in 100ms
226 http fetch GET 200 https://registry.npmjs.org/tweakpane/-/tweakpane-4.0.3.tgz 93ms (cache miss)
227 timing reifyNode:node_modules/tweakpane Completed in 101ms
228 http fetch POST 200 https://registry.npmjs.org/-/npm/v1/security/advisories/bulk 116ms
229 timing auditReport:getReport Completed in 125ms
230 silly audit report {
230 silly audit report   'nth-check': [
230 silly audit report     {
230 silly audit report       id: 1095141,
230 silly audit report       url: 'https://github.com/advisories/GHSA-rp65-9cf3-cjxr',
230 silly audit report       title: 'Inefficient Regular Expression Complexity in nth-check',
230 silly audit report       severity: 'high',
230 silly audit report       vulnerable_versions: '<2.0.1',
230 silly audit report       cwe: [Array],
230 silly audit report       cvss: [Object]
230 silly audit report     }
230 silly audit report   ],
230 silly audit report   postcss: [
230 silly audit report     {
230 silly audit report       id: 1094544,
230 silly audit report       url: 'https://github.com/advisories/GHSA-7fh5-64p2-3v2j',
230 silly audit report       title: 'PostCSS line return parsing error',
230 silly audit report       severity: 'moderate',
230 silly audit report       vulnerable_versions: '<8.4.31',
230 silly audit report       cwe: [Array],
230 silly audit report       cvss: [Object]
230 silly audit report     }
230 silly audit report   ]
230 silly audit report }
231 timing metavuln:cache:get:security-advisory:nth-check:u9kIbs88jjqPq0zHVBinwei/KZ5GCRRfUp85vuDQlT/Si01qI5XVVQOSRujFCbyFsnHqETob3CApPmYQZ74K2A== Completed in 1ms
232 timing metavuln:cache:get:security-advisory:postcss:ylHlqxOD5gx7vcQurwTZyQHJsodRCM2yV95izcDPSahj+DDa6IEdlDh7BWAlf7fDDEd+NyVQHm50pHmcApHI4w== Completed in 1ms
233 http fetch GET 200 https://registry.npmjs.org/lodash.clonedeep/-/lodash.clonedeep-4.5.0.tgz 107ms (cache miss)
234 timing reifyNode:node_modules/lodash.clonedeep Completed in 117ms
235 http fetch GET 200 https://registry.npmjs.org/gl-matrix/-/gl-matrix-3.4.3.tgz 108ms (cache miss)
236 timing reifyNode:node_modules/gl-matrix Completed in 117ms
237 http fetch GET 200 https://registry.npmjs.org/geojson-vt/-/geojson-vt-3.2.1.tgz 114ms (cache miss)
238 timing reifyNode:node_modules/geojson-vt Completed in 123ms
239 http fetch GET 200 https://registry.npmjs.org/earcut/-/earcut-2.2.4.tgz 117ms (cache miss)
240 timing reifyNode:node_modules/earcut Completed in 126ms
241 http fetch GET 200 https://registry.npmjs.org/cheap-ruler/-/cheap-ruler-3.0.2.tgz 118ms (cache miss)
242 timing reifyNode:node_modules/cheap-ruler Completed in 127ms
243 http fetch GET 200 https://registry.npmjs.org/csscolorparser/-/csscolorparser-1.0.3.tgz 121ms (cache miss)
244 timing reifyNode:node_modules/csscolorparser Completed in 130ms
245 http fetch GET 200 https://registry.npmjs.org/@mapbox/tiny-sdf/-/tiny-sdf-2.0.6.tgz 137ms (cache miss)
246 timing reifyNode:node_modules/@mapbox/tiny-sdf Completed in 146ms
247 http fetch GET 200 https://registry.npmjs.org/@mapbox/vector-tile/-/vector-tile-1.3.1.tgz 142ms (cache miss)
248 timing reifyNode:node_modules/@mapbox/vector-tile Completed in 152ms
249 http fetch GET 200 https://registry.npmjs.org/@mapbox/point-geometry/-/point-geometry-0.1.0.tgz 146ms (cache miss)
250 timing reifyNode:node_modules/@mapbox/point-geometry Completed in 155ms
251 http fetch GET 200 https://registry.npmjs.org/nth-check 47ms (cache miss)
252 timing metavuln:packument:nth-check Completed in 47ms
253 timing metavuln:load:security-advisory:nth-check:1095141 Completed in 0ms
254 timing metavuln:cache:put:security-advisory:nth-check:u9kIbs88jjqPq0zHVBinwei/KZ5GCRRfUp85vuDQlT/Si01qI5XVVQOSRujFCbyFsnHqETob3CApPmYQZ74K2A== Completed in 2ms
255 timing metavuln:calculate:security-advisory:nth-check:1095141 Completed in 49ms
256 http fetch GET 200 https://registry.npmjs.org/@mapbox/whoots-js/-/whoots-js-3.1.0.tgz 159ms (cache miss)
257 timing reifyNode:node_modules/@mapbox/whoots-js Completed in 168ms
258 http fetch GET 200 https://registry.npmjs.org/@mapbox/mapbox-gl-supported/-/mapbox-gl-supported-3.0.0.tgz 159ms (cache miss)
259 timing reifyNode:node_modules/@mapbox/mapbox-gl-supported Completed in 168ms
260 http fetch GET 200 https://registry.npmjs.org/@mapbox/geojson-rewind/-/geojson-rewind-0.5.2.tgz 159ms (cache miss)
261 timing reifyNode:node_modules/@mapbox/geojson-rewind Completed in 168ms
262 http fetch GET 200 https://registry.npmjs.org/postcss 58ms (cache miss)
263 timing metavuln:packument:postcss Completed in 60ms
264 timing metavuln:load:security-advisory:postcss:1094544 Completed in 2ms
265 timing metavuln:cache:put:security-advisory:postcss:ylHlqxOD5gx7vcQurwTZyQHJsodRCM2yV95izcDPSahj+DDa6IEdlDh7BWAlf7fDDEd+NyVQHm50pHmcApHI4w== Completed in 4ms
266 timing metavuln:calculate:security-advisory:postcss:1094544 Completed in 66ms
267 timing metavuln:cache:get:security-advisory:css-select:SLFoDCntvPIX7nfh4g/iCe2/KeoLVy5CIo+Vtscwot4QJeqx55N/LgyavNwRLdiV5D/6y18tMpVEodIgf/9HMA== Completed in 0ms
268 http fetch GET 200 https://registry.npmjs.org/@mapbox/unitbezier/-/unitbezier-0.0.1.tgz 171ms (cache miss)
269 timing reifyNode:node_modules/@mapbox/unitbezier Completed in 181ms
270 http fetch GET 200 https://registry.npmjs.org/@mapbox/jsonlint-lines-primitives/-/jsonlint-lines-primitives-2.0.2.tgz 178ms (cache miss)
271 timing reifyNode:node_modules/@mapbox/jsonlint-lines-primitives Completed in 187ms
272 http fetch GET 200 https://registry.npmjs.org/css-select 48ms (cache miss)
273 timing metavuln:packument:css-select Completed in 48ms
274 timing metavuln:load:security-advisory:css-select:u9kIbs88jjqPq0zHVBinwei/KZ5GCRRfUp85vuDQlT/Si01qI5XVVQOSRujFCbyFsnHqETob3CApPmYQZ74K2A== Completed in 1ms
275 timing metavuln:cache:put:security-advisory:css-select:SLFoDCntvPIX7nfh4g/iCe2/KeoLVy5CIo+Vtscwot4QJeqx55N/LgyavNwRLdiV5D/6y18tMpVEodIgf/9HMA== Completed in 2ms
276 timing metavuln:calculate:security-advisory:css-select:u9kIbs88jjqPq0zHVBinwei/KZ5GCRRfUp85vuDQlT/Si01qI5XVVQOSRujFCbyFsnHqETob3CApPmYQZ74K2A== Completed in 51ms
277 timing metavuln:cache:get:security-advisory:resolve-url-loader:NMmXK6xVhonFWyuVjVZvtHCgDtIj2Xt/NObjzI+nKFgCMVK0SPWnlUyO5ZfDMa1dK6KZVYB4z5/E6SGUubEZmA== Completed in 1ms
278 http fetch GET 200 https://registry.npmjs.org/resolve-url-loader 64ms (cache miss)
279 timing metavuln:packument:resolve-url-loader Completed in 65ms
280 timing metavuln:load:security-advisory:resolve-url-loader:ylHlqxOD5gx7vcQurwTZyQHJsodRCM2yV95izcDPSahj+DDa6IEdlDh7BWAlf7fDDEd+NyVQHm50pHmcApHI4w== Completed in 6ms
281 timing metavuln:cache:put:security-advisory:resolve-url-loader:NMmXK6xVhonFWyuVjVZvtHCgDtIj2Xt/NObjzI+nKFgCMVK0SPWnlUyO5ZfDMa1dK6KZVYB4z5/E6SGUubEZmA== Completed in 4ms
282 timing metavuln:calculate:security-advisory:resolve-url-loader:ylHlqxOD5gx7vcQurwTZyQHJsodRCM2yV95izcDPSahj+DDa6IEdlDh7BWAlf7fDDEd+NyVQHm50pHmcApHI4w== Completed in 76ms
283 timing metavuln:cache:get:security-advisory:svgo:XUKKCUuEIfThVsBLy+oF8GyP7lxkVuLkW//+NY5/KIf8QcWHSFuyi5ASrjDctKGKZ6oI4iYXN2mfMc9AZn06XQ== Completed in 1ms
284 http fetch GET 200 https://registry.npmjs.org/svgo 83ms (cache miss)
285 timing metavuln:packument:svgo Completed in 84ms
286 timing metavuln:load:security-advisory:svgo:SLFoDCntvPIX7nfh4g/iCe2/KeoLVy5CIo+Vtscwot4QJeqx55N/LgyavNwRLdiV5D/6y18tMpVEodIgf/9HMA== Completed in 2ms
287 timing metavuln:cache:put:security-advisory:svgo:XUKKCUuEIfThVsBLy+oF8GyP7lxkVuLkW//+NY5/KIf8QcWHSFuyi5ASrjDctKGKZ6oI4iYXN2mfMc9AZn06XQ== Completed in 8ms
288 timing metavuln:calculate:security-advisory:svgo:SLFoDCntvPIX7nfh4g/iCe2/KeoLVy5CIo+Vtscwot4QJeqx55N/LgyavNwRLdiV5D/6y18tMpVEodIgf/9HMA== Completed in 95ms
289 timing metavuln:cache:get:security-advisory:react-scripts:kKU8uM+qTtInubgYQrn1Pxn81QMWKfkCDfIZjup8wyMg7BSnoJIdXRXTKPG7RjTojqBqBxvALJQnSFxA9BPZoA== Completed in 0ms
290 http fetch GET 200 https://registry.npmjs.org/mapbox-gl/-/mapbox-gl-3.2.0.tgz 462ms (cache miss)
291 timing reifyNode:node_modules/mapbox-gl Completed in 472ms
292 timing reify:unpack Completed in 475ms
293 timing reify:unretire Completed in 1ms
294 timing build:queue Completed in 0ms
295 http fetch GET 200 https://registry.npmjs.org/react-scripts 74ms (cache miss)
296 timing metavuln:packument:react-scripts Completed in 77ms
297 timing metavuln:load:security-advisory:react-scripts:NMmXK6xVhonFWyuVjVZvtHCgDtIj2Xt/NObjzI+nKFgCMVK0SPWnlUyO5ZfDMa1dK6KZVYB4z5/E6SGUubEZmA== Completed in 1ms
298 timing build:link:node_modules/@mapbox/geojson-rewind Completed in 6ms
299 timing build:link:node_modules/pbf Completed in 6ms
300 timing build:link Completed in 6ms
301 timing build:deps Completed in 7ms
302 timing build Completed in 7ms
303 timing reify:build Completed in 8ms
304 timing reify:trash Completed in 0ms
305 timing metavuln:cache:put:security-advisory:react-scripts:kKU8uM+qTtInubgYQrn1Pxn81QMWKfkCDfIZjup8wyMg7BSnoJIdXRXTKPG7RjTojqBqBxvALJQnSFxA9BPZoA== Completed in 4ms
306 timing metavuln:calculate:security-advisory:react-scripts:NMmXK6xVhonFWyuVjVZvtHCgDtIj2Xt/NObjzI+nKFgCMVK0SPWnlUyO5ZfDMa1dK6KZVYB4z5/E6SGUubEZmA== Completed in 82ms
307 timing metavuln:cache:get:security-advisory:@svgr/plugin-svgo:EsuzSbf7+Y+7kKOmijkK+GD/doYYcoKZ2epSaSjuMjK3D5MenoOfnownHNwRmdBZcaR1NsuBUK35WDllW+AMMw== Completed in 0ms
308 timing reify:save Completed in 182ms
309 http fetch GET 200 https://registry.npmjs.org/@svgr%2fplugin-svgo 298ms (cache miss)
310 timing metavuln:packument:@svgr/plugin-svgo Completed in 299ms
311 timing metavuln:load:security-advisory:@svgr/plugin-svgo:XUKKCUuEIfThVsBLy+oF8GyP7lxkVuLkW//+NY5/KIf8QcWHSFuyi5ASrjDctKGKZ6oI4iYXN2mfMc9AZn06XQ== Completed in 0ms
312 timing metavuln:cache:put:security-advisory:@svgr/plugin-svgo:EsuzSbf7+Y+7kKOmijkK+GD/doYYcoKZ2epSaSjuMjK3D5MenoOfnownHNwRmdBZcaR1NsuBUK35WDllW+AMMw== Completed in 1ms
313 timing metavuln:calculate:security-advisory:@svgr/plugin-svgo:XUKKCUuEIfThVsBLy+oF8GyP7lxkVuLkW//+NY5/KIf8QcWHSFuyi5ASrjDctKGKZ6oI4iYXN2mfMc9AZn06XQ== Completed in 300ms
314 timing metavuln:cache:get:security-advisory:@svgr/webpack:IqnIHrynVlqAtMhtysIZT7fFR47WkNiVdS0bltwMCNwW6AuOVEGK8Ns3UrtOyzCH0k8s8awx0D1vcr5HtSiaPw== Completed in 0ms
315 http fetch GET 200 https://registry.npmjs.org/@svgr%2fwebpack 106ms (cache miss)
316 timing metavuln:packument:@svgr/webpack Completed in 107ms
317 timing metavuln:load:security-advisory:@svgr/webpack:EsuzSbf7+Y+7kKOmijkK+GD/doYYcoKZ2epSaSjuMjK3D5MenoOfnownHNwRmdBZcaR1NsuBUK35WDllW+AMMw== Completed in 1ms
318 timing metavuln:cache:put:security-advisory:@svgr/webpack:IqnIHrynVlqAtMhtysIZT7fFR47WkNiVdS0bltwMCNwW6AuOVEGK8Ns3UrtOyzCH0k8s8awx0D1vcr5HtSiaPw== Completed in 2ms
319 timing metavuln:calculate:security-advisory:@svgr/webpack:EsuzSbf7+Y+7kKOmijkK+GD/doYYcoKZ2epSaSjuMjK3D5MenoOfnownHNwRmdBZcaR1NsuBUK35WDllW+AMMw== Completed in 110ms
320 timing metavuln:cache:get:security-advisory:react-scripts:Oynm4f28m7wqpHeAVQPAu6HUX0KhswQORZBCdzEDs2/Qk227PWimoI5yjY/d79GoOSw+zJpJ6uMhVBngEzK4zQ== Completed in 0ms
321 timing metavuln:load:security-advisory:react-scripts:IqnIHrynVlqAtMhtysIZT7fFR47WkNiVdS0bltwMCNwW6AuOVEGK8Ns3UrtOyzCH0k8s8awx0D1vcr5HtSiaPw== Completed in 3ms
322 timing metavuln:cache:put:security-advisory:react-scripts:Oynm4f28m7wqpHeAVQPAu6HUX0KhswQORZBCdzEDs2/Qk227PWimoI5yjY/d79GoOSw+zJpJ6uMhVBngEzK4zQ== Completed in 2ms
323 timing metavuln:calculate:security-advisory:react-scripts:IqnIHrynVlqAtMhtysIZT7fFR47WkNiVdS0bltwMCNwW6AuOVEGK8Ns3UrtOyzCH0k8s8awx0D1vcr5HtSiaPw== Completed in 5ms
324 timing auditReport:init Completed in 790ms
325 timing reify:audit Completed in 915ms
326 timing reify Completed in 2290ms
327 silly ADD node_modules/protocol-buffers-schema
328 silly ADD node_modules/resolve-protobuf-schema
329 silly ADD node_modules/ieee754
330 silly ADD node_modules/vt-pbf
331 silly ADD node_modules/tweakpane
332 silly ADD node_modules/tinyqueue
333 silly ADD node_modules/supercluster
334 silly ADD node_modules/serialize-to-js
335 silly ADD node_modules/rw
336 silly ADD node_modules/quickselect
337 silly ADD node_modules/potpack
338 silly ADD node_modules/pbf
339 silly ADD node_modules/murmurhash-js
340 silly ADD node_modules/lodash.clonedeep
341 silly ADD node_modules/kdbush
342 silly ADD node_modules/grid-index
343 silly ADD node_modules/gl-matrix
344 silly ADD node_modules/geojson-vt
345 silly ADD node_modules/earcut
346 silly ADD node_modules/csscolorparser
347 silly ADD node_modules/cheap-ruler
348 silly ADD node_modules/@mapbox/whoots-js
349 silly ADD node_modules/@mapbox/vector-tile
350 silly ADD node_modules/@mapbox/unitbezier
351 silly ADD node_modules/@mapbox/tiny-sdf
352 silly ADD node_modules/@mapbox/point-geometry
353 silly ADD node_modules/@mapbox/mapbox-gl-supported
354 silly ADD node_modules/@mapbox/jsonlint-lines-primitives
355 silly ADD node_modules/@mapbox/geojson-rewind
356 silly ADD node_modules/mapbox-gl
357 timing command:install Completed in 2300ms
358 verbose exit 0
359 timing npm Completed in 2440ms
360 info ok
